[05-Jul-2017 14:52:35 Asia/Tokyo] PHP Notice:  Undefined variable: new_stock in /home/ubuntu/workspace/MyApron/tool.php on line 151
[05-Jul-2017 14:52:35 Asia/Tokyo] PHP Stack trace:
[05-Jul-2017 14:52:35 Asia/Tokyo] PHP   1. {main}() /home/ubuntu/workspace/MyApron/tool.php:0
[05-Jul-2017 15:09:06 Asia/Tokyo] PHP Notice:  Undefined index: update_stock in /home/ubuntu/workspace/MyApron/tool.php on line 280
[05-Jul-2017 15:09:06 Asia/Tokyo] PHP Stack trace:
[05-Jul-2017 15:09:06 Asia/Tokyo] PHP   1. {main}() /home/ubuntu/workspace/MyApron/tool.php:0
[05-Jul-2017 15:09:06 Asia/Tokyo] PHP Notice:  Undefined index: update_stock in /home/ubuntu/workspace/MyApron/tool.php on line 280
[05-Jul-2017 15:09:06 Asia/Tokyo] PHP Stack trace:
[05-Jul-2017 15:09:06 Asia/Tokyo] PHP   1. {main}() /home/ubuntu/workspace/MyApron/tool.php:0
[05-Jul-2017 15:09:06 Asia/Tokyo] PHP Notice:  Undefined index: update_stock in /home/ubuntu/workspace/MyApron/tool.php on line 280
[05-Jul-2017 15:09:06 Asia/Tokyo] PHP Stack trace:
[05-Jul-2017 15:09:06 Asia/Tokyo] PHP   1. {main}() /home/ubuntu/workspace/MyApron/tool.php:0
[05-Jul-2017 15:09:06 Asia/Tokyo] PHP Notice:  Undefined index: update_stock in /home/ubuntu/workspace/MyApron/tool.php on line 280
[05-Jul-2017 15:09:06 Asia/Tokyo] PHP Stack trace:
[05-Jul-2017 15:09:06 Asia/Tokyo] PHP   1. {main}() /home/ubuntu/workspace/MyApron/tool.php:0
[05-Jul-2017 15:09:06 Asia/Tokyo] PHP Notice:  Undefined index: update_stock in /home/ubuntu/workspace/MyApron/tool.php on line 280
[05-Jul-2017 15:09:06 Asia/Tokyo] PHP Stack trace:
[05-Jul-2017 15:09:06 Asia/Tokyo] PHP   1. {main}() /home/ubuntu/workspace/MyApron/tool.php:0
[05-Jul-2017 15:09:06 Asia/Tokyo] PHP Notice:  Undefined index: update_stock in /home/ubuntu/workspace/MyApron/tool.php on line 280
[05-Jul-2017 15:09:06 Asia/Tokyo] PHP Stack trace:
[05-Jul-2017 15:09:06 Asia/Tokyo] PHP   1. {main}() /home/ubuntu/workspace/MyApron/tool.php:0
[05-Jul-2017 15:09:06 Asia/Tokyo] PHP Notice:  Undefined index: update_stock in /home/ubuntu/workspace/MyApron/tool.php on line 280
[05-Jul-2017 15:09:06 Asia/Tokyo] PHP Stack trace:
[05-Jul-2017 15:09:06 Asia/Tokyo] PHP   1. {main}() /home/ubuntu/workspace/MyApron/tool.php:0
[05-Jul-2017 16:42:53 Asia/Tokyo] PHP Parse error:  syntax error, unexpected '}' in /home/ubuntu/workspace/MyApron/tool.php on line 95
[05-Jul-2017 16:43:26 Asia/Tokyo] PHP Parse error:  syntax error, unexpected '}' in /home/ubuntu/workspace/MyApron/tool.php on line 95
[05-Jul-2017 17:02:39 Asia/Tokyo] PHP Warning:  preg_replace() expects parameter 4 to be long, string given in /home/ubuntu/workspace/MyApron/tool.php on line 100
[05-Jul-2017 17:02:39 Asia/Tokyo] PHP Stack trace:
[05-Jul-2017 17:02:39 Asia/Tokyo] PHP   1. {main}() /home/ubuntu/workspace/MyApron/tool.php:0
[05-Jul-2017 17:02:39 Asia/Tokyo] PHP   2. preg_replace() /home/ubuntu/workspace/MyApron/tool.php:100
[05-Jul-2017 17:37:57 Asia/Tokyo] PHP Notice:  Undefined index: item_id_id in /home/ubuntu/workspace/MyApron/tool.php on line 291
[05-Jul-2017 17:37:57 Asia/Tokyo] PHP Stack trace:
[05-Jul-2017 17:37:57 Asia/Tokyo] PHP   1. {main}() /home/ubuntu/workspace/MyApron/tool.php:0
[05-Jul-2017 17:37:57 Asia/Tokyo] PHP Notice:  Undefined index: item_id_id in /home/ubuntu/workspace/MyApron/tool.php on line 291
[05-Jul-2017 17:37:57 Asia/Tokyo] PHP Stack trace:
[05-Jul-2017 17:37:57 Asia/Tokyo] PHP   1. {main}() /home/ubuntu/workspace/MyApron/tool.php:0
[05-Jul-2017 17:37:57 Asia/Tokyo] PHP Notice:  Undefined index: item_id_id in /home/ubuntu/workspace/MyApron/tool.php on line 291
[05-Jul-2017 17:37:57 Asia/Tokyo] PHP Stack trace:
[05-Jul-2017 17:37:57 Asia/Tokyo] PHP   1. {main}() /home/ubuntu/workspace/MyApron/tool.php:0
[05-Jul-2017 17:37:57 Asia/Tokyo] PHP Notice:  Undefined index: item_id_id in /home/ubuntu/workspace/MyApron/tool.php on line 291
[05-Jul-2017 17:37:57 Asia/Tokyo] PHP Stack trace:
[05-Jul-2017 17:37:57 Asia/Tokyo] PHP   1. {main}() /home/ubuntu/workspace/MyApron/tool.php:0
[05-Jul-2017 17:37:57 Asia/Tokyo] PHP Notice:  Undefined index: item_id_id in /home/ubuntu/workspace/MyApron/tool.php on line 291
[05-Jul-2017 17:37:57 Asia/Tokyo] PHP Stack trace:
[05-Jul-2017 17:37:57 Asia/Tokyo] PHP   1. {main}() /home/ubuntu/workspace/MyApron/tool.php:0
[05-Jul-2017 17:37:57 Asia/Tokyo] PHP Notice:  Undefined index: item_id_id in /home/ubuntu/workspace/MyApron/tool.php on line 291
[05-Jul-2017 17:37:57 Asia/Tokyo] PHP Stack trace:
[05-Jul-2017 17:37:57 Asia/Tokyo] PHP   1. {main}() /home/ubuntu/workspace/MyApron/tool.php:0
[05-Jul-2017 17:37:57 Asia/Tokyo] PHP Notice:  Undefined index: item_id_id in /home/ubuntu/workspace/MyApron/tool.php on line 291
[05-Jul-2017 17:37:57 Asia/Tokyo] PHP Stack trace:
[05-Jul-2017 17:37:57 Asia/Tokyo] PHP   1. {main}() /home/ubuntu/workspace/MyApron/tool.php:0
[05-Jul-2017 17:38:07 Asia/Tokyo] PHP Notice:  Undefined index: item_id_id in /home/ubuntu/workspace/MyApron/tool.php on line 291
[05-Jul-2017 17:38:07 Asia/Tokyo] PHP Stack trace:
[05-Jul-2017 17:38:07 Asia/Tokyo] PHP   1. {main}() /home/ubuntu/workspace/MyApron/tool.php:0
[05-Jul-2017 17:38:07 Asia/Tokyo] PHP Notice:  Undefined index: item_id_id in /home/ubuntu/workspace/MyApron/tool.php on line 291
[05-Jul-2017 17:38:07 Asia/Tokyo] PHP Stack trace:
[05-Jul-2017 17:38:07 Asia/Tokyo] PHP   1. {main}() /home/ubuntu/workspace/MyApron/tool.php:0
[05-Jul-2017 17:38:07 Asia/Tokyo] PHP Notice:  Undefined index: item_id_id in /home/ubuntu/workspace/MyApron/tool.php on line 291
[05-Jul-2017 17:38:07 Asia/Tokyo] PHP Stack trace:
[05-Jul-2017 17:38:07 Asia/Tokyo] PHP   1. {main}() /home/ubuntu/workspace/MyApron/tool.php:0
[05-Jul-2017 17:38:07 Asia/Tokyo] PHP Notice:  Undefined index: item_id_id in /home/ubuntu/workspace/MyApron/tool.php on line 291
[05-Jul-2017 17:38:07 Asia/Tokyo] PHP Stack trace:
[05-Jul-2017 17:38:07 Asia/Tokyo] PHP   1. {main}() /home/ubuntu/workspace/MyApron/tool.php:0
[05-Jul-2017 17:38:07 Asia/Tokyo] PHP Notice:  Undefined index: item_id_id in /home/ubuntu/workspace/MyApron/tool.php on line 291
[05-Jul-2017 17:38:07 Asia/Tokyo] PHP Stack trace:
[05-Jul-2017 17:38:07 Asia/Tokyo] PHP   1. {main}() /home/ubuntu/workspace/MyApron/tool.php:0
[05-Jul-2017 17:38:07 Asia/Tokyo] PHP Notice:  Undefined index: item_id_id in /home/ubuntu/workspace/MyApron/tool.php on line 291
[05-Jul-2017 17:38:07 Asia/Tokyo] PHP Stack trace:
[05-Jul-2017 17:38:07 Asia/Tokyo] PHP   1. {main}() /home/ubuntu/workspace/MyApron/tool.php:0
[05-Jul-2017 17:38:07 Asia/Tokyo] PHP Notice:  Undefined index: item_id_id in /home/ubuntu/workspace/MyApron/tool.php on line 291
[05-Jul-2017 17:38:07 Asia/Tokyo] PHP Stack trace:
[05-Jul-2017 17:38:07 Asia/Tokyo] PHP   1. {main}() /home/ubuntu/workspace/MyApron/tool.php:0
[05-Jul-2017 17:38:20 Asia/Tokyo] PHP Notice:  Undefined index: item_id_id in /home/ubuntu/workspace/MyApron/tool.php on line 291
[05-Jul-2017 17:38:20 Asia/Tokyo] PHP Stack trace:
[05-Jul-2017 17:38:20 Asia/Tokyo] PHP   1. {main}() /home/ubuntu/workspace/MyApron/tool.php:0
[05-Jul-2017 17:38:20 Asia/Tokyo] PHP Notice:  Undefined index: item_id_id in /home/ubuntu/workspace/MyApron/tool.php on line 291
[05-Jul-2017 17:38:20 Asia/Tokyo] PHP Stack trace:
[05-Jul-2017 17:38:20 Asia/Tokyo] PHP   1. {main}() /home/ubuntu/workspace/MyApron/tool.php:0
[05-Jul-2017 17:38:20 Asia/Tokyo] PHP Notice:  Undefined index: item_id_id in /home/ubuntu/workspace/MyApron/tool.php on line 291
[05-Jul-2017 17:38:20 Asia/Tokyo] PHP Stack trace:
[05-Jul-2017 17:38:20 Asia/Tokyo] PHP   1. {main}() /home/ubuntu/workspace/MyApron/tool.php:0
[05-Jul-2017 17:38:20 Asia/Tokyo] PHP Notice:  Undefined index: item_id_id in /home/ubuntu/workspace/MyApron/tool.php on line 291
[05-Jul-2017 17:38:20 Asia/Tokyo] PHP Stack trace:
[05-Jul-2017 17:38:20 Asia/Tokyo] PHP   1. {main}() /home/ubuntu/workspace/MyApron/tool.php:0
[05-Jul-2017 17:38:20 Asia/Tokyo] PHP Notice:  Undefined index: item_id_id in /home/ubuntu/workspace/MyApron/tool.php on line 291
[05-Jul-2017 17:38:20 Asia/Tokyo] PHP Stack trace:
[05-Jul-2017 17:38:20 Asia/Tokyo] PHP   1. {main}() /home/ubuntu/workspace/MyApron/tool.php:0
[05-Jul-2017 17:38:20 Asia/Tokyo] PHP Notice:  Undefined index: item_id_id in /home/ubuntu/workspace/MyApron/tool.php on line 291
[05-Jul-2017 17:38:20 Asia/Tokyo] PHP Stack trace:
[05-Jul-2017 17:38:20 Asia/Tokyo] PHP   1. {main}() /home/ubuntu/workspace/MyApron/tool.php:0
[05-Jul-2017 17:38:20 Asia/Tokyo] PHP Notice:  Undefined index: item_id_id in /home/ubuntu/workspace/MyApron/tool.php on line 291
[05-Jul-2017 17:38:20 Asia/Tokyo] PHP Stack trace:
[05-Jul-2017 17:38:20 Asia/Tokyo] PHP   1. {main}() /home/ubuntu/workspace/MyApron/tool.php:0
[05-Jul-2017 17:38:25 Asia/Tokyo] PHP Notice:  Undefined index: item_id_id in /home/ubuntu/workspace/MyApron/tool.php on line 291
[05-Jul-2017 17:38:25 Asia/Tokyo] PHP Stack trace:
[05-Jul-2017 17:38:25 Asia/Tokyo] PHP   1. {main}() /home/ubuntu/workspace/MyApron/tool.php:0
[05-Jul-2017 17:38:25 Asia/Tokyo] PHP Notice:  Undefined index: item_id_id in /home/ubuntu/workspace/MyApron/tool.php on line 291
[05-Jul-2017 17:38:25 Asia/Tokyo] PHP Stack trace:
[05-Jul-2017 17:38:25 Asia/Tokyo] PHP   1. {main}() /home/ubuntu/workspace/MyApron/tool.php:0
[05-Jul-2017 17:38:25 Asia/Tokyo] PHP Notice:  Undefined index: item_id_id in /home/ubuntu/workspace/MyApron/tool.php on line 291
[05-Jul-2017 17:38:25 Asia/Tokyo] PHP Stack trace:
[05-Jul-2017 17:38:25 Asia/Tokyo] PHP   1. {main}() /home/ubuntu/workspace/MyApron/tool.php:0
[05-Jul-2017 17:38:25 Asia/Tokyo] PHP Notice:  Undefined index: item_id_id in /home/ubuntu/workspace/MyApron/tool.php on line 291
[05-Jul-2017 17:38:25 Asia/Tokyo] PHP Stack trace:
[05-Jul-2017 17:38:25 Asia/Tokyo] PHP   1. {main}() /home/ubuntu/workspace/MyApron/tool.php:0
[05-Jul-2017 17:38:25 Asia/Tokyo] PHP Notice:  Undefined index: item_id_id in /home/ubuntu/workspace/MyApron/tool.php on line 291
[05-Jul-2017 17:38:25 Asia/Tokyo] PHP Stack trace:
[05-Jul-2017 17:38:25 Asia/Tokyo] PHP   1. {main}() /home/ubuntu/workspace/MyApron/tool.php:0
[05-Jul-2017 17:38:25 Asia/Tokyo] PHP Notice:  Undefined index: item_id_id in /home/ubuntu/workspace/MyApron/tool.php on line 291
[05-Jul-2017 17:38:25 Asia/Tokyo] PHP Stack trace:
[05-Jul-2017 17:38:25 Asia/Tokyo] PHP   1. {main}() /home/ubuntu/workspace/MyApron/tool.php:0
[05-Jul-2017 17:38:25 Asia/Tokyo] PHP Notice:  Undefined index: item_id_id in /home/ubuntu/workspace/MyApron/tool.php on line 291
[05-Jul-2017 17:38:25 Asia/Tokyo] PHP Stack trace:
[05-Jul-2017 17:38:25 Asia/Tokyo] PHP   1. {main}() /home/ubuntu/workspace/MyApron/tool.php:0
[05-Jul-2017 18:58:16 Asia/Tokyo] PHP Warning:  preg_replace() expects parameter 4 to be long, string given in /home/ubuntu/workspace/MyApron/tool.php on line 100
[05-Jul-2017 18:58:16 Asia/Tokyo] PHP Stack trace:
[05-Jul-2017 18:58:16 Asia/Tokyo] PHP   1. {main}() /home/ubuntu/workspace/MyApron/tool.php:0
[05-Jul-2017 18:58:16 Asia/Tokyo] PHP   2. preg_replace() /home/ubuntu/workspace/MyApron/tool.php:100
[05-Jul-2017 21:51:24 Asia/Tokyo] PHP Parse error:  syntax error, unexpected '}' in /home/ubuntu/workspace/MyApron/tool.php on line 60
[06-Jul-2017 01:15:11 Asia/Tokyo] PHP Parse error:  syntax error, unexpected '}' in /home/ubuntu/workspace/MyApron/tool.php on line 103
[06-Jul-2017 01:18:45 Asia/Tokyo] PHP Notice:  Undefined index: new_stock in /home/ubuntu/workspace/MyApron/tool.php on line 109
[06-Jul-2017 01:18:45 Asia/Tokyo] PHP Stack trace:
[06-Jul-2017 01:18:45 Asia/Tokyo] PHP   1. {main}() /home/ubuntu/workspace/MyApron/tool.php:0
[06-Jul-2017 01:35:36 Asia/Tokyo] PHP Notice:  Undefined index: update_stock in /home/ubuntu/workspace/MyApron/tool.php on line 291
[06-Jul-2017 01:35:36 Asia/Tokyo] PHP Stack trace:
[06-Jul-2017 01:35:36 Asia/Tokyo] PHP   1. {main}() /home/ubuntu/workspace/MyApron/tool.php:0
[06-Jul-2017 01:35:36 Asia/Tokyo] PHP Notice:  Undefined index: update_stock in /home/ubuntu/workspace/MyApron/tool.php on line 291
[06-Jul-2017 01:35:36 Asia/Tokyo] PHP Stack trace:
[06-Jul-2017 01:35:36 Asia/Tokyo] PHP   1. {main}() /home/ubuntu/workspace/MyApron/tool.php:0
[06-Jul-2017 01:35:36 Asia/Tokyo] PHP Notice:  Undefined index: update_stock in /home/ubuntu/workspace/MyApron/tool.php on line 291
[06-Jul-2017 01:35:36 Asia/Tokyo] PHP Stack trace:
[06-Jul-2017 01:35:36 Asia/Tokyo] PHP   1. {main}() /home/ubuntu/workspace/MyApron/tool.php:0
[06-Jul-2017 01:35:36 Asia/Tokyo] PHP Notice:  Undefined index: update_stock in /home/ubuntu/workspace/MyApron/tool.php on line 291
[06-Jul-2017 01:35:36 Asia/Tokyo] PHP Stack trace:
[06-Jul-2017 01:35:36 Asia/Tokyo] PHP   1. {main}() /home/ubuntu/workspace/MyApron/tool.php:0
[06-Jul-2017 01:35:36 Asia/Tokyo] PHP Notice:  Undefined index: update_stock in /home/ubuntu/workspace/MyApron/tool.php on line 291
[06-Jul-2017 01:35:36 Asia/Tokyo] PHP Stack trace:
[06-Jul-2017 01:35:36 Asia/Tokyo] PHP   1. {main}() /home/ubuntu/workspace/MyApron/tool.php:0
[07-Jul-2017 01:25:23 Asia/Tokyo] PHP Notice:  Undefined variable: change_status in /home/ubuntu/workspace/MyApron/tool.php on line 194
[07-Jul-2017 01:25:23 Asia/Tokyo] PHP Stack trace:
[07-Jul-2017 01:25:23 Asia/Tokyo] PHP   1. {main}() /home/ubuntu/workspace/MyApron/tool.php:0
[07-Jul-2017 01:25:23 Asia/Tokyo] PHP Notice:  Undefined variable: item_id in /home/ubuntu/workspace/MyApron/tool.php on line 195
[07-Jul-2017 01:25:23 Asia/Tokyo] PHP Stack trace:
[07-Jul-2017 01:25:23 Asia/Tokyo] PHP   1. {main}() /home/ubuntu/workspace/MyApron/tool.php:0
[07-Jul-2017 01:32:07 Asia/Tokyo] PHP Notice:  Undefined variable: change_status in /home/ubuntu/workspace/MyApron/tool.php on line 195
[07-Jul-2017 01:32:07 Asia/Tokyo] PHP Stack trace:
[07-Jul-2017 01:32:07 Asia/Tokyo] PHP   1. {main}() /home/ubuntu/workspace/MyApron/tool.php:0
[07-Jul-2017 01:32:07 Asia/Tokyo] PHP Notice:  Undefined variable: item_id in /home/ubuntu/workspace/MyApron/tool.php on line 196
[07-Jul-2017 01:32:07 Asia/Tokyo] PHP Stack trace:
[07-Jul-2017 01:32:07 Asia/Tokyo] PHP   1. {main}() /home/ubuntu/workspace/MyApron/tool.php:0
[07-Jul-2017 01:33:37 Asia/Tokyo] PHP Notice:  Undefined variable: item_id in /home/ubuntu/workspace/MyApron/tool.php on line 197
[07-Jul-2017 01:33:37 Asia/Tokyo] PHP Stack trace:
[07-Jul-2017 01:33:37 Asia/Tokyo] PHP   1. {main}() /home/ubuntu/workspace/MyApron/tool.php:0
[07-Jul-2017 01:36:13 Asia/Tokyo] PHP Notice:  Undefined variable: item_id in /home/ubuntu/workspace/MyApron/tool.php on line 197
[07-Jul-2017 01:36:13 Asia/Tokyo] PHP Stack trace:
[07-Jul-2017 01:36:13 Asia/Tokyo] PHP   1. {main}() /home/ubuntu/workspace/MyApron/tool.php:0
[07-Jul-2017 01:37:12 Asia/Tokyo] PHP Notice:  Undefined variable: item_id in /home/ubuntu/workspace/MyApron/tool.php on line 197
[07-Jul-2017 01:37:12 Asia/Tokyo] PHP Stack trace:
[07-Jul-2017 01:37:12 Asia/Tokyo] PHP   1. {main}() /home/ubuntu/workspace/MyApron/tool.php:0
