[26-Jun-2017 22:12:57 Asia/Tokyo] PHP Notice:  Undefined variable: rows in /home/ubuntu/workspace/php/15/bbs.php on line 33
[26-Jun-2017 22:12:57 Asia/Tokyo] PHP Stack trace:
[26-Jun-2017 22:12:57 Asia/Tokyo] PHP   1. {main}() /home/ubuntu/workspace/php/15/bbs.php:0
[26-Jun-2017 22:13:38 Asia/Tokyo] PHP Notice:  Undefined variable: rows in /home/ubuntu/workspace/php/15/bbs.php on line 33
[26-Jun-2017 22:13:38 Asia/Tokyo] PHP Stack trace:
[26-Jun-2017 22:13:38 Asia/Tokyo] PHP   1. {main}() /home/ubuntu/workspace/php/15/bbs.php:0
[27-Jun-2017 20:21:02 Asia/Tokyo] PHP Parse error:  syntax error, unexpected end of file in /home/ubuntu/workspace/php/15/bbs.php on line 84
[27-Jun-2017 20:21:51 Asia/Tokyo] PHP Parse error:  syntax error, unexpected end of file in /home/ubuntu/workspace/php/15/bbs.php on line 75
[27-Jun-2017 21:17:16 Asia/Tokyo] PHP Parse error:  syntax error, unexpected end of file in /home/ubuntu/workspace/php/15/bbs.php on line 104
[27-Jun-2017 21:19:36 Asia/Tokyo] PHP Parse error:  syntax error, unexpected end of file in /home/ubuntu/workspace/php/15/bbs.php on line 104
[27-Jun-2017 21:23:29 Asia/Tokyo] PHP Parse error:  syntax error, unexpected end of file in /home/ubuntu/workspace/php/15/bbs.php on line 104
[27-Jun-2017 21:26:08 Asia/Tokyo] PHP Parse error:  syntax error, unexpected end of file in /home/ubuntu/workspace/php/15/bbs.php on line 104
[27-Jun-2017 21:40:30 Asia/Tokyo] PHP Notice:  Undefined variable: rows in /home/ubuntu/workspace/php/15/bbs.php on line 95
[27-Jun-2017 21:40:30 Asia/Tokyo] PHP Stack trace:
[27-Jun-2017 21:40:30 Asia/Tokyo] PHP   1. {main}() /home/ubuntu/workspace/php/15/bbs.php:0
[27-Jun-2017 21:40:30 Asia/Tokyo] PHP Warning:  Invalid argument supplied for foreach() in /home/ubuntu/workspace/php/15/bbs.php on line 95
[27-Jun-2017 21:40:30 Asia/Tokyo] PHP Stack trace:
[27-Jun-2017 21:40:30 Asia/Tokyo] PHP   1. {main}() /home/ubuntu/workspace/php/15/bbs.php:0
[27-Jun-2017 21:42:10 Asia/Tokyo] PHP Notice:  Undefined variable: rows in /home/ubuntu/workspace/php/15/bbs.php on line 95
[27-Jun-2017 21:42:10 Asia/Tokyo] PHP Stack trace:
[27-Jun-2017 21:42:10 Asia/Tokyo] PHP   1. {main}() /home/ubuntu/workspace/php/15/bbs.php:0
[27-Jun-2017 21:42:10 Asia/Tokyo] PHP Warning:  Invalid argument supplied for foreach() in /home/ubuntu/workspace/php/15/bbs.php on line 95
[27-Jun-2017 21:42:10 Asia/Tokyo] PHP Stack trace:
[27-Jun-2017 21:42:10 Asia/Tokyo] PHP   1. {main}() /home/ubuntu/workspace/php/15/bbs.php:0
[27-Jun-2017 21:43:15 Asia/Tokyo] PHP Notice:  Undefined variable: rows in /home/ubuntu/workspace/php/15/bbs.php on line 95
[27-Jun-2017 21:43:15 Asia/Tokyo] PHP Stack trace:
[27-Jun-2017 21:43:15 Asia/Tokyo] PHP   1. {main}() /home/ubuntu/workspace/php/15/bbs.php:0
[27-Jun-2017 21:43:15 Asia/Tokyo] PHP Warning:  Invalid argument supplied for foreach() in /home/ubuntu/workspace/php/15/bbs.php on line 95
[27-Jun-2017 21:43:15 Asia/Tokyo] PHP Stack trace:
[27-Jun-2017 21:43:15 Asia/Tokyo] PHP   1. {main}() /home/ubuntu/workspace/php/15/bbs.php:0
[27-Jun-2017 21:44:46 Asia/Tokyo] PHP Notice:  Undefined variable: rows in /home/ubuntu/workspace/php/15/bbs.php on line 95
[27-Jun-2017 21:44:46 Asia/Tokyo] PHP Stack trace:
[27-Jun-2017 21:44:46 Asia/Tokyo] PHP   1. {main}() /home/ubuntu/workspace/php/15/bbs.php:0
[27-Jun-2017 21:44:46 Asia/Tokyo] PHP Warning:  Invalid argument supplied for foreach() in /home/ubuntu/workspace/php/15/bbs.php on line 95
[27-Jun-2017 21:44:46 Asia/Tokyo] PHP Stack trace:
[27-Jun-2017 21:44:46 Asia/Tokyo] PHP   1. {main}() /home/ubuntu/workspace/php/15/bbs.php:0
[27-Jun-2017 21:46:19 Asia/Tokyo] PHP Notice:  Undefined variable: rows in /home/ubuntu/workspace/php/15/bbs.php on line 95
[27-Jun-2017 21:46:19 Asia/Tokyo] PHP Stack trace:
[27-Jun-2017 21:46:19 Asia/Tokyo] PHP   1. {main}() /home/ubuntu/workspace/php/15/bbs.php:0
[27-Jun-2017 21:46:19 Asia/Tokyo] PHP Warning:  Invalid argument supplied for foreach() in /home/ubuntu/workspace/php/15/bbs.php on line 95
[27-Jun-2017 21:46:19 Asia/Tokyo] PHP Stack trace:
[27-Jun-2017 21:46:19 Asia/Tokyo] PHP   1. {main}() /home/ubuntu/workspace/php/15/bbs.php:0
[27-Jun-2017 21:53:14 Asia/Tokyo] PHP Notice:  Undefined variable: rows in /home/ubuntu/workspace/php/15/bbs.php on line 95
[27-Jun-2017 21:53:14 Asia/Tokyo] PHP Stack trace:
[27-Jun-2017 21:53:14 Asia/Tokyo] PHP   1. {main}() /home/ubuntu/workspace/php/15/bbs.php:0
[27-Jun-2017 21:53:14 Asia/Tokyo] PHP Warning:  Invalid argument supplied for foreach() in /home/ubuntu/workspace/php/15/bbs.php on line 95
[27-Jun-2017 21:53:14 Asia/Tokyo] PHP Stack trace:
[27-Jun-2017 21:53:14 Asia/Tokyo] PHP   1. {main}() /home/ubuntu/workspace/php/15/bbs.php:0
[27-Jun-2017 21:56:36 Asia/Tokyo] PHP Notice:  Undefined variable: rows in /home/ubuntu/workspace/php/15/bbs.php on line 95
[27-Jun-2017 21:56:36 Asia/Tokyo] PHP Stack trace:
[27-Jun-2017 21:56:36 Asia/Tokyo] PHP   1. {main}() /home/ubuntu/workspace/php/15/bbs.php:0
[27-Jun-2017 21:56:36 Asia/Tokyo] PHP Warning:  Invalid argument supplied for foreach() in /home/ubuntu/workspace/php/15/bbs.php on line 95
[27-Jun-2017 21:56:36 Asia/Tokyo] PHP Stack trace:
[27-Jun-2017 21:56:36 Asia/Tokyo] PHP   1. {main}() /home/ubuntu/workspace/php/15/bbs.php:0
[27-Jun-2017 22:01:37 Asia/Tokyo] PHP Notice:  Undefined variable: rows in /home/ubuntu/workspace/php/15/bbs.php on line 95
[27-Jun-2017 22:01:37 Asia/Tokyo] PHP Stack trace:
[27-Jun-2017 22:01:37 Asia/Tokyo] PHP   1. {main}() /home/ubuntu/workspace/php/15/bbs.php:0
[27-Jun-2017 22:01:37 Asia/Tokyo] PHP Warning:  Invalid argument supplied for foreach() in /home/ubuntu/workspace/php/15/bbs.php on line 95
[27-Jun-2017 22:01:37 Asia/Tokyo] PHP Stack trace:
[27-Jun-2017 22:01:37 Asia/Tokyo] PHP   1. {main}() /home/ubuntu/workspace/php/15/bbs.php:0
[27-Jun-2017 22:02:09 Asia/Tokyo] PHP Notice:  Undefined variable: rows in /home/ubuntu/workspace/php/15/bbs.php on line 95
[27-Jun-2017 22:02:09 Asia/Tokyo] PHP Stack trace:
[27-Jun-2017 22:02:09 Asia/Tokyo] PHP   1. {main}() /home/ubuntu/workspace/php/15/bbs.php:0
[27-Jun-2017 22:02:09 Asia/Tokyo] PHP Warning:  Invalid argument supplied for foreach() in /home/ubuntu/workspace/php/15/bbs.php on line 95
[27-Jun-2017 22:02:09 Asia/Tokyo] PHP Stack trace:
[27-Jun-2017 22:02:09 Asia/Tokyo] PHP   1. {main}() /home/ubuntu/workspace/php/15/bbs.php:0
[27-Jun-2017 22:03:46 Asia/Tokyo] PHP Notice:  Undefined variable: rows in /home/ubuntu/workspace/php/15/bbs.php on line 95
[27-Jun-2017 22:03:46 Asia/Tokyo] PHP Stack trace:
[27-Jun-2017 22:03:46 Asia/Tokyo] PHP   1. {main}() /home/ubuntu/workspace/php/15/bbs.php:0
[27-Jun-2017 22:03:46 Asia/Tokyo] PHP Warning:  Invalid argument supplied for foreach() in /home/ubuntu/workspace/php/15/bbs.php on line 95
[27-Jun-2017 22:03:46 Asia/Tokyo] PHP Stack trace:
[27-Jun-2017 22:03:46 Asia/Tokyo] PHP   1. {main}() /home/ubuntu/workspace/php/15/bbs.php:0
[27-Jun-2017 22:07:39 Asia/Tokyo] PHP Notice:  Undefined variable: rows in /home/ubuntu/workspace/php/15/bbs.php on line 95
[27-Jun-2017 22:07:39 Asia/Tokyo] PHP Stack trace:
[27-Jun-2017 22:07:39 Asia/Tokyo] PHP   1. {main}() /home/ubuntu/workspace/php/15/bbs.php:0
[27-Jun-2017 22:07:39 Asia/Tokyo] PHP Warning:  Invalid argument supplied for foreach() in /home/ubuntu/workspace/php/15/bbs.php on line 95
[27-Jun-2017 22:07:39 Asia/Tokyo] PHP Stack trace:
[27-Jun-2017 22:07:39 Asia/Tokyo] PHP   1. {main}() /home/ubuntu/workspace/php/15/bbs.php:0
[27-Jun-2017 22:08:25 Asia/Tokyo] PHP Notice:  Undefined variable: rows in /home/ubuntu/workspace/php/15/bbs.php on line 95
[27-Jun-2017 22:08:25 Asia/Tokyo] PHP Stack trace:
[27-Jun-2017 22:08:25 Asia/Tokyo] PHP   1. {main}() /home/ubuntu/workspace/php/15/bbs.php:0
[27-Jun-2017 22:08:25 Asia/Tokyo] PHP Warning:  Invalid argument supplied for foreach() in /home/ubuntu/workspace/php/15/bbs.php on line 95
[27-Jun-2017 22:08:25 Asia/Tokyo] PHP Stack trace:
[27-Jun-2017 22:08:25 Asia/Tokyo] PHP   1. {main}() /home/ubuntu/workspace/php/15/bbs.php:0
[27-Jun-2017 22:08:45 Asia/Tokyo] PHP Notice:  Array to string conversion in /home/ubuntu/workspace/php/15/bbs.php on line 52
[27-Jun-2017 22:08:45 Asia/Tokyo] PHP Stack trace:
[27-Jun-2017 22:08:45 Asia/Tokyo] PHP   1. {main}() /home/ubuntu/workspace/php/15/bbs.php:0
[27-Jun-2017 22:08:45 Asia/Tokyo] PHP   2. PDOStatement->bindValue() /home/ubuntu/workspace/php/15/bbs.php:52
[27-Jun-2017 22:08:45 Asia/Tokyo] PHP Notice:  Undefined variable: user_comment in /home/ubuntu/workspace/php/15/bbs.php on line 53
[27-Jun-2017 22:08:45 Asia/Tokyo] PHP Stack trace:
[27-Jun-2017 22:08:45 Asia/Tokyo] PHP   1. {main}() /home/ubuntu/workspace/php/15/bbs.php:0
[27-Jun-2017 22:08:45 Asia/Tokyo] PHP Notice:  Undefined variable: create_datetime in /home/ubuntu/workspace/php/15/bbs.php on line 54
[27-Jun-2017 22:08:45 Asia/Tokyo] PHP Stack trace:
[27-Jun-2017 22:08:45 Asia/Tokyo] PHP   1. {main}() /home/ubuntu/workspace/php/15/bbs.php:0
[27-Jun-2017 22:08:45 Asia/Tokyo] PHP Notice:  Undefined variable: rows in /home/ubuntu/workspace/php/15/bbs.php on line 95
[27-Jun-2017 22:08:45 Asia/Tokyo] PHP Stack trace:
[27-Jun-2017 22:08:45 Asia/Tokyo] PHP   1. {main}() /home/ubuntu/workspace/php/15/bbs.php:0
[27-Jun-2017 22:08:45 Asia/Tokyo] PHP Warning:  Invalid argument supplied for foreach() in /home/ubuntu/workspace/php/15/bbs.php on line 95
[27-Jun-2017 22:08:45 Asia/Tokyo] PHP Stack trace:
[27-Jun-2017 22:08:45 Asia/Tokyo] PHP   1. {main}() /home/ubuntu/workspace/php/15/bbs.php:0
[27-Jun-2017 22:08:55 Asia/Tokyo] PHP Notice:  Undefined variable: rows in /home/ubuntu/workspace/php/15/bbs.php on line 95
[27-Jun-2017 22:08:55 Asia/Tokyo] PHP Stack trace:
[27-Jun-2017 22:08:55 Asia/Tokyo] PHP   1. {main}() /home/ubuntu/workspace/php/15/bbs.php:0
[27-Jun-2017 22:08:55 Asia/Tokyo] PHP Warning:  Invalid argument supplied for foreach() in /home/ubuntu/workspace/php/15/bbs.php on line 95
[27-Jun-2017 22:08:55 Asia/Tokyo] PHP Stack trace:
[27-Jun-2017 22:08:55 Asia/Tokyo] PHP   1. {main}() /home/ubuntu/workspace/php/15/bbs.php:0
[28-Jun-2017 21:40:31 Asia/Tokyo] PHP Notice:  Undefined variable: rows in /home/ubuntu/workspace/php/15/bbs.php on line 95
[28-Jun-2017 21:40:31 Asia/Tokyo] PHP Stack trace:
[28-Jun-2017 21:40:31 Asia/Tokyo] PHP   1. {main}() /home/ubuntu/workspace/php/15/bbs.php:0
[28-Jun-2017 21:40:31 Asia/Tokyo] PHP Warning:  Invalid argument supplied for foreach() in /home/ubuntu/workspace/php/15/bbs.php on line 95
[28-Jun-2017 21:40:31 Asia/Tokyo] PHP Stack trace:
[28-Jun-2017 21:40:31 Asia/Tokyo] PHP   1. {main}() /home/ubuntu/workspace/php/15/bbs.php:0
[28-Jun-2017 21:40:46 Asia/Tokyo] PHP Notice:  Undefined variable: rows in /home/ubuntu/workspace/php/15/bbs.php on line 95
[28-Jun-2017 21:40:46 Asia/Tokyo] PHP Stack trace:
[28-Jun-2017 21:40:46 Asia/Tokyo] PHP   1. {main}() /home/ubuntu/workspace/php/15/bbs.php:0
[28-Jun-2017 21:40:46 Asia/Tokyo] PHP Warning:  Invalid argument supplied for foreach() in /home/ubuntu/workspace/php/15/bbs.php on line 95
[28-Jun-2017 21:40:46 Asia/Tokyo] PHP Stack trace:
[28-Jun-2017 21:40:46 Asia/Tokyo] PHP   1. {main}() /home/ubuntu/workspace/php/15/bbs.php:0
[28-Jun-2017 21:46:04 Asia/Tokyo] PHP Notice:  Undefined variable: rows in /home/ubuntu/workspace/php/15/bbs.php on line 95
[28-Jun-2017 21:46:04 Asia/Tokyo] PHP Stack trace:
[28-Jun-2017 21:46:04 Asia/Tokyo] PHP   1. {main}() /home/ubuntu/workspace/php/15/bbs.php:0
[28-Jun-2017 21:46:04 Asia/Tokyo] PHP Warning:  Invalid argument supplied for foreach() in /home/ubuntu/workspace/php/15/bbs.php on line 95
[28-Jun-2017 21:46:04 Asia/Tokyo] PHP Stack trace:
[28-Jun-2017 21:46:04 Asia/Tokyo] PHP   1. {main}() /home/ubuntu/workspace/php/15/bbs.php:0
[28-Jun-2017 22:00:45 Asia/Tokyo] PHP Notice:  Undefined variable: rows in /home/ubuntu/workspace/php/15/bbs.php on line 111
[28-Jun-2017 22:00:45 Asia/Tokyo] PHP Stack trace:
[28-Jun-2017 22:00:45 Asia/Tokyo] PHP   1. {main}() /home/ubuntu/workspace/php/15/bbs.php:0
[28-Jun-2017 22:00:45 Asia/Tokyo] PHP Warning:  Invalid argument supplied for foreach() in /home/ubuntu/workspace/php/15/bbs.php on line 111
[28-Jun-2017 22:00:45 Asia/Tokyo] PHP Stack trace:
[28-Jun-2017 22:00:45 Asia/Tokyo] PHP   1. {main}() /home/ubuntu/workspace/php/15/bbs.php:0
[28-Jun-2017 22:00:57 Asia/Tokyo] PHP Notice:  Undefined variable: rows in /home/ubuntu/workspace/php/15/bbs.php on line 111
[28-Jun-2017 22:00:57 Asia/Tokyo] PHP Stack trace:
[28-Jun-2017 22:00:57 Asia/Tokyo] PHP   1. {main}() /home/ubuntu/workspace/php/15/bbs.php:0
[28-Jun-2017 22:00:57 Asia/Tokyo] PHP Warning:  Invalid argument supplied for foreach() in /home/ubuntu/workspace/php/15/bbs.php on line 111
[28-Jun-2017 22:00:57 Asia/Tokyo] PHP Stack trace:
[28-Jun-2017 22:00:57 Asia/Tokyo] PHP   1. {main}() /home/ubuntu/workspace/php/15/bbs.php:0
[28-Jun-2017 22:01:14 Asia/Tokyo] PHP Notice:  Undefined variable: rows in /home/ubuntu/workspace/php/15/bbs.php on line 111
[28-Jun-2017 22:01:14 Asia/Tokyo] PHP Stack trace:
[28-Jun-2017 22:01:14 Asia/Tokyo] PHP   1. {main}() /home/ubuntu/workspace/php/15/bbs.php:0
[28-Jun-2017 22:01:14 Asia/Tokyo] PHP Warning:  Invalid argument supplied for foreach() in /home/ubuntu/workspace/php/15/bbs.php on line 111
[28-Jun-2017 22:01:14 Asia/Tokyo] PHP Stack trace:
[28-Jun-2017 22:01:14 Asia/Tokyo] PHP   1. {main}() /home/ubuntu/workspace/php/15/bbs.php:0
[28-Jun-2017 22:21:37 Asia/Tokyo] PHP Notice:  Array to string conversion in /home/ubuntu/workspace/php/15/bbs.php on line 114
[28-Jun-2017 22:21:37 Asia/Tokyo] PHP Stack trace:
[28-Jun-2017 22:21:37 Asia/Tokyo] PHP   1. {main}() /home/ubuntu/workspace/php/15/bbs.php:0
[28-Jun-2017 22:21:37 Asia/Tokyo] PHP Notice:  Array to string conversion in /home/ubuntu/workspace/php/15/bbs.php on line 114
[28-Jun-2017 22:21:37 Asia/Tokyo] PHP Stack trace:
[28-Jun-2017 22:21:37 Asia/Tokyo] PHP   1. {main}() /home/ubuntu/workspace/php/15/bbs.php:0
[28-Jun-2017 22:21:37 Asia/Tokyo] PHP Notice:  Array to string conversion in /home/ubuntu/workspace/php/15/bbs.php on line 114
[28-Jun-2017 22:21:37 Asia/Tokyo] PHP Stack trace:
[28-Jun-2017 22:21:37 Asia/Tokyo] PHP   1. {main}() /home/ubuntu/workspace/php/15/bbs.php:0
[28-Jun-2017 22:22:20 Asia/Tokyo] PHP Notice:  Array to string conversion in /home/ubuntu/workspace/php/15/bbs.php on line 64
[28-Jun-2017 22:22:20 Asia/Tokyo] PHP Stack trace:
[28-Jun-2017 22:22:20 Asia/Tokyo] PHP   1. {main}() /home/ubuntu/workspace/php/15/bbs.php:0
[28-Jun-2017 22:22:20 Asia/Tokyo] PHP   2. PDOStatement->bindValue() /home/ubuntu/workspace/php/15/bbs.php:64
[28-Jun-2017 22:22:20 Asia/Tokyo] PHP Notice:  Undefined variable: user_comment in /home/ubuntu/workspace/php/15/bbs.php on line 65
[28-Jun-2017 22:22:20 Asia/Tokyo] PHP Stack trace:
[28-Jun-2017 22:22:20 Asia/Tokyo] PHP   1. {main}() /home/ubuntu/workspace/php/15/bbs.php:0
[28-Jun-2017 22:22:20 Asia/Tokyo] PHP Notice:  Undefined variable: create_datetime in /home/ubuntu/workspace/php/15/bbs.php on line 66
[28-Jun-2017 22:22:20 Asia/Tokyo] PHP Stack trace:
[28-Jun-2017 22:22:20 Asia/Tokyo] PHP   1. {main}() /home/ubuntu/workspace/php/15/bbs.php:0
[28-Jun-2017 22:22:20 Asia/Tokyo] PHP Notice:  Undefined variable: rows in /home/ubuntu/workspace/php/15/bbs.php on line 110
[28-Jun-2017 22:22:20 Asia/Tokyo] PHP Stack trace:
[28-Jun-2017 22:22:20 Asia/Tokyo] PHP   1. {main}() /home/ubuntu/workspace/php/15/bbs.php:0
[28-Jun-2017 22:22:20 Asia/Tokyo] PHP Warning:  Invalid argument supplied for foreach() in /home/ubuntu/workspace/php/15/bbs.php on line 110
[28-Jun-2017 22:22:20 Asia/Tokyo] PHP Stack trace:
[28-Jun-2017 22:22:20 Asia/Tokyo] PHP   1. {main}() /home/ubuntu/workspace/php/15/bbs.php:0
[28-Jun-2017 22:24:43 Asia/Tokyo] PHP Notice:  Array to string conversion in /home/ubuntu/workspace/php/15/bbs.php on line 64
[28-Jun-2017 22:24:43 Asia/Tokyo] PHP Stack trace:
[28-Jun-2017 22:24:43 Asia/Tokyo] PHP   1. {main}() /home/ubuntu/workspace/php/15/bbs.php:0
[28-Jun-2017 22:24:43 Asia/Tokyo] PHP   2. PDOStatement->bindValue() /home/ubuntu/workspace/php/15/bbs.php:64
[28-Jun-2017 22:24:43 Asia/Tokyo] PHP Notice:  Undefined variable: user_comment in /home/ubuntu/workspace/php/15/bbs.php on line 65
[28-Jun-2017 22:24:43 Asia/Tokyo] PHP Stack trace:
[28-Jun-2017 22:24:43 Asia/Tokyo] PHP   1. {main}() /home/ubuntu/workspace/php/15/bbs.php:0
[28-Jun-2017 22:24:43 Asia/Tokyo] PHP Notice:  Undefined variable: create_datetime in /home/ubuntu/workspace/php/15/bbs.php on line 66
[28-Jun-2017 22:24:43 Asia/Tokyo] PHP Stack trace:
[28-Jun-2017 22:24:43 Asia/Tokyo] PHP   1. {main}() /home/ubuntu/workspace/php/15/bbs.php:0
[28-Jun-2017 22:24:43 Asia/Tokyo] PHP Notice:  Undefined variable: rows in /home/ubuntu/workspace/php/15/bbs.php on line 114
[28-Jun-2017 22:24:43 Asia/Tokyo] PHP Stack trace:
[28-Jun-2017 22:24:43 Asia/Tokyo] PHP   1. {main}() /home/ubuntu/workspace/php/15/bbs.php:0
[28-Jun-2017 22:24:43 Asia/Tokyo] PHP Warning:  Invalid argument supplied for foreach() in /home/ubuntu/workspace/php/15/bbs.php on line 114
[28-Jun-2017 22:24:43 Asia/Tokyo] PHP Stack trace:
[28-Jun-2017 22:24:43 Asia/Tokyo] PHP   1. {main}() /home/ubuntu/workspace/php/15/bbs.php:0
[28-Jun-2017 22:24:58 Asia/Tokyo] PHP Notice:  Array to string conversion in /home/ubuntu/workspace/php/15/bbs.php on line 64
[28-Jun-2017 22:24:58 Asia/Tokyo] PHP Stack trace:
[28-Jun-2017 22:24:58 Asia/Tokyo] PHP   1. {main}() /home/ubuntu/workspace/php/15/bbs.php:0
[28-Jun-2017 22:24:58 Asia/Tokyo] PHP   2. PDOStatement->bindValue() /home/ubuntu/workspace/php/15/bbs.php:64
[28-Jun-2017 22:24:58 Asia/Tokyo] PHP Notice:  Undefined variable: user_comment in /home/ubuntu/workspace/php/15/bbs.php on line 65
[28-Jun-2017 22:24:58 Asia/Tokyo] PHP Stack trace:
[28-Jun-2017 22:24:58 Asia/Tokyo] PHP   1. {main}() /home/ubuntu/workspace/php/15/bbs.php:0
[28-Jun-2017 22:24:58 Asia/Tokyo] PHP Notice:  Undefined variable: create_datetime in /home/ubuntu/workspace/php/15/bbs.php on line 66
[28-Jun-2017 22:24:58 Asia/Tokyo] PHP Stack trace:
[28-Jun-2017 22:24:58 Asia/Tokyo] PHP   1. {main}() /home/ubuntu/workspace/php/15/bbs.php:0
[28-Jun-2017 22:24:58 Asia/Tokyo] PHP Notice:  Undefined variable: rows in /home/ubuntu/workspace/php/15/bbs.php on line 114
[28-Jun-2017 22:24:58 Asia/Tokyo] PHP Stack trace:
[28-Jun-2017 22:24:58 Asia/Tokyo] PHP   1. {main}() /home/ubuntu/workspace/php/15/bbs.php:0
[28-Jun-2017 22:24:58 Asia/Tokyo] PHP Warning:  Invalid argument supplied for foreach() in /home/ubuntu/workspace/php/15/bbs.php on line 114
[28-Jun-2017 22:24:58 Asia/Tokyo] PHP Stack trace:
[28-Jun-2017 22:24:58 Asia/Tokyo] PHP   1. {main}() /home/ubuntu/workspace/php/15/bbs.php:0
[28-Jun-2017 22:25:46 Asia/Tokyo] PHP Notice:  Array to string conversion in /home/ubuntu/workspace/php/15/bbs.php on line 118
[28-Jun-2017 22:25:46 Asia/Tokyo] PHP Stack trace:
[28-Jun-2017 22:25:46 Asia/Tokyo] PHP   1. {main}() /home/ubuntu/workspace/php/15/bbs.php:0
[28-Jun-2017 22:25:46 Asia/Tokyo] PHP Notice:  Array to string conversion in /home/ubuntu/workspace/php/15/bbs.php on line 118
[28-Jun-2017 22:25:46 Asia/Tokyo] PHP Stack trace:
[28-Jun-2017 22:25:46 Asia/Tokyo] PHP   1. {main}() /home/ubuntu/workspace/php/15/bbs.php:0
[28-Jun-2017 22:25:46 Asia/Tokyo] PHP Notice:  Array to string conversion in /home/ubuntu/workspace/php/15/bbs.php on line 118
[28-Jun-2017 22:25:46 Asia/Tokyo] PHP Stack trace:
[28-Jun-2017 22:25:46 Asia/Tokyo] PHP   1. {main}() /home/ubuntu/workspace/php/15/bbs.php:0
[28-Jun-2017 22:25:56 Asia/Tokyo] PHP Notice:  Array to string conversion in /home/ubuntu/workspace/php/15/bbs.php on line 64
[28-Jun-2017 22:25:56 Asia/Tokyo] PHP Stack trace:
[28-Jun-2017 22:25:56 Asia/Tokyo] PHP   1. {main}() /home/ubuntu/workspace/php/15/bbs.php:0
[28-Jun-2017 22:25:56 Asia/Tokyo] PHP   2. PDOStatement->bindValue() /home/ubuntu/workspace/php/15/bbs.php:64
[28-Jun-2017 22:25:56 Asia/Tokyo] PHP Notice:  Undefined variable: user_comment in /home/ubuntu/workspace/php/15/bbs.php on line 65
[28-Jun-2017 22:25:56 Asia/Tokyo] PHP Stack trace:
[28-Jun-2017 22:25:56 Asia/Tokyo] PHP   1. {main}() /home/ubuntu/workspace/php/15/bbs.php:0
[28-Jun-2017 22:25:56 Asia/Tokyo] PHP Notice:  Undefined variable: create_datetime in /home/ubuntu/workspace/php/15/bbs.php on line 66
[28-Jun-2017 22:25:56 Asia/Tokyo] PHP Stack trace:
[28-Jun-2017 22:25:56 Asia/Tokyo] PHP   1. {main}() /home/ubuntu/workspace/php/15/bbs.php:0
[28-Jun-2017 22:25:56 Asia/Tokyo] PHP Notice:  Undefined variable: rows in /home/ubuntu/workspace/php/15/bbs.php on line 114
[28-Jun-2017 22:25:56 Asia/Tokyo] PHP Stack trace:
[28-Jun-2017 22:25:56 Asia/Tokyo] PHP   1. {main}() /home/ubuntu/workspace/php/15/bbs.php:0
[28-Jun-2017 22:25:56 Asia/Tokyo] PHP Warning:  Invalid argument supplied for foreach() in /home/ubuntu/workspace/php/15/bbs.php on line 114
[28-Jun-2017 22:25:56 Asia/Tokyo] PHP Stack trace:
[28-Jun-2017 22:25:56 Asia/Tokyo] PHP   1. {main}() /home/ubuntu/workspace/php/15/bbs.php:0
[28-Jun-2017 22:32:03 Asia/Tokyo] PHP Notice:  Array to string conversion in /home/ubuntu/workspace/php/15/bbs.php on line 118
[28-Jun-2017 22:32:03 Asia/Tokyo] PHP Stack trace:
[28-Jun-2017 22:32:03 Asia/Tokyo] PHP   1. {main}() /home/ubuntu/workspace/php/15/bbs.php:0
[28-Jun-2017 22:32:03 Asia/Tokyo] PHP Notice:  Array to string conversion in /home/ubuntu/workspace/php/15/bbs.php on line 118
[28-Jun-2017 22:32:03 Asia/Tokyo] PHP Stack trace:
[28-Jun-2017 22:32:03 Asia/Tokyo] PHP   1. {main}() /home/ubuntu/workspace/php/15/bbs.php:0
[28-Jun-2017 22:32:03 Asia/Tokyo] PHP Notice:  Array to string conversion in /home/ubuntu/workspace/php/15/bbs.php on line 118
[28-Jun-2017 22:32:03 Asia/Tokyo] PHP Stack trace:
[28-Jun-2017 22:32:03 Asia/Tokyo] PHP   1. {main}() /home/ubuntu/workspace/php/15/bbs.php:0
[28-Jun-2017 22:32:29 Asia/Tokyo] PHP Notice:  Array to string conversion in /home/ubuntu/workspace/php/15/bbs.php on line 117
[28-Jun-2017 22:32:29 Asia/Tokyo] PHP Stack trace:
[28-Jun-2017 22:32:29 Asia/Tokyo] PHP   1. {main}() /home/ubuntu/workspace/php/15/bbs.php:0
[28-Jun-2017 22:32:29 Asia/Tokyo] PHP Notice:  Array to string conversion in /home/ubuntu/workspace/php/15/bbs.php on line 117
[28-Jun-2017 22:32:29 Asia/Tokyo] PHP Stack trace:
[28-Jun-2017 22:32:29 Asia/Tokyo] PHP   1. {main}() /home/ubuntu/workspace/php/15/bbs.php:0
[28-Jun-2017 22:32:29 Asia/Tokyo] PHP Notice:  Array to string conversion in /home/ubuntu/workspace/php/15/bbs.php on line 117
[28-Jun-2017 22:32:29 Asia/Tokyo] PHP Stack trace:
[28-Jun-2017 22:32:29 Asia/Tokyo] PHP   1. {main}() /home/ubuntu/workspace/php/15/bbs.php:0
[28-Jun-2017 22:33:18 Asia/Tokyo] PHP Notice:  Array to string conversion in /home/ubuntu/workspace/php/15/bbs.php on line 117
[28-Jun-2017 22:33:18 Asia/Tokyo] PHP Stack trace:
[28-Jun-2017 22:33:18 Asia/Tokyo] PHP   1. {main}() /home/ubuntu/workspace/php/15/bbs.php:0
[28-Jun-2017 22:33:18 Asia/Tokyo] PHP Notice:  Array to string conversion in /home/ubuntu/workspace/php/15/bbs.php on line 117
[28-Jun-2017 22:33:18 Asia/Tokyo] PHP Stack trace:
[28-Jun-2017 22:33:18 Asia/Tokyo] PHP   1. {main}() /home/ubuntu/workspace/php/15/bbs.php:0
[28-Jun-2017 22:33:18 Asia/Tokyo] PHP Notice:  Array to string conversion in /home/ubuntu/workspace/php/15/bbs.php on line 117
[28-Jun-2017 22:33:18 Asia/Tokyo] PHP Stack trace:
[28-Jun-2017 22:33:18 Asia/Tokyo] PHP   1. {main}() /home/ubuntu/workspace/php/15/bbs.php:0
[28-Jun-2017 22:33:53 Asia/Tokyo] PHP Notice:  Array to string conversion in /home/ubuntu/workspace/php/15/bbs.php on line 64
[28-Jun-2017 22:33:53 Asia/Tokyo] PHP Stack trace:
[28-Jun-2017 22:33:53 Asia/Tokyo] PHP   1. {main}() /home/ubuntu/workspace/php/15/bbs.php:0
[28-Jun-2017 22:33:53 Asia/Tokyo] PHP   2. PDOStatement->bindValue() /home/ubuntu/workspace/php/15/bbs.php:64
[28-Jun-2017 22:33:53 Asia/Tokyo] PHP Notice:  Undefined variable: user_comment in /home/ubuntu/workspace/php/15/bbs.php on line 65
[28-Jun-2017 22:33:53 Asia/Tokyo] PHP Stack trace:
[28-Jun-2017 22:33:53 Asia/Tokyo] PHP   1. {main}() /home/ubuntu/workspace/php/15/bbs.php:0
[28-Jun-2017 22:33:53 Asia/Tokyo] PHP Notice:  Undefined variable: create_datetime in /home/ubuntu/workspace/php/15/bbs.php on line 66
[28-Jun-2017 22:33:53 Asia/Tokyo] PHP Stack trace:
[28-Jun-2017 22:33:53 Asia/Tokyo] PHP   1. {main}() /home/ubuntu/workspace/php/15/bbs.php:0
[28-Jun-2017 22:33:53 Asia/Tokyo] PHP Notice:  Undefined variable: rows in /home/ubuntu/workspace/php/15/bbs.php on line 113
[28-Jun-2017 22:33:53 Asia/Tokyo] PHP Stack trace:
[28-Jun-2017 22:33:53 Asia/Tokyo] PHP   1. {main}() /home/ubuntu/workspace/php/15/bbs.php:0
[28-Jun-2017 22:33:53 Asia/Tokyo] PHP Warning:  Invalid argument supplied for foreach() in /home/ubuntu/workspace/php/15/bbs.php on line 113
[28-Jun-2017 22:33:53 Asia/Tokyo] PHP Stack trace:
[28-Jun-2017 22:33:53 Asia/Tokyo] PHP   1. {main}() /home/ubuntu/workspace/php/15/bbs.php:0
[28-Jun-2017 23:50:02 Asia/Tokyo] PHP Notice:  Array to string conversion in /home/ubuntu/workspace/php/15/bbs.php on line 118
[28-Jun-2017 23:50:02 Asia/Tokyo] PHP Stack trace:
[28-Jun-2017 23:50:02 Asia/Tokyo] PHP   1. {main}() /home/ubuntu/workspace/php/15/bbs.php:0
[28-Jun-2017 23:50:02 Asia/Tokyo] PHP Notice:  Array to string conversion in /home/ubuntu/workspace/php/15/bbs.php on line 118
[28-Jun-2017 23:50:02 Asia/Tokyo] PHP Stack trace:
[28-Jun-2017 23:50:02 Asia/Tokyo] PHP   1. {main}() /home/ubuntu/workspace/php/15/bbs.php:0
[28-Jun-2017 23:50:02 Asia/Tokyo] PHP Notice:  Array to string conversion in /home/ubuntu/workspace/php/15/bbs.php on line 118
[28-Jun-2017 23:50:02 Asia/Tokyo] PHP Stack trace:
[28-Jun-2017 23:50:02 Asia/Tokyo] PHP   1. {main}() /home/ubuntu/workspace/php/15/bbs.php:0
[29-Jun-2017 23:42:18 Asia/Tokyo] PHP Notice:  Array to string conversion in /home/ubuntu/workspace/php/15/bbs.php on line 118
[29-Jun-2017 23:42:18 Asia/Tokyo] PHP Stack trace:
[29-Jun-2017 23:42:18 Asia/Tokyo] PHP   1. {main}() /home/ubuntu/workspace/php/15/bbs.php:0
[29-Jun-2017 23:42:18 Asia/Tokyo] PHP Notice:  Array to string conversion in /home/ubuntu/workspace/php/15/bbs.php on line 118
[29-Jun-2017 23:42:18 Asia/Tokyo] PHP Stack trace:
[29-Jun-2017 23:42:18 Asia/Tokyo] PHP   1. {main}() /home/ubuntu/workspace/php/15/bbs.php:0
[29-Jun-2017 23:42:18 Asia/Tokyo] PHP Notice:  Array to string conversion in /home/ubuntu/workspace/php/15/bbs.php on line 118
[29-Jun-2017 23:42:18 Asia/Tokyo] PHP Stack trace:
[29-Jun-2017 23:42:18 Asia/Tokyo] PHP   1. {main}() /home/ubuntu/workspace/php/15/bbs.php:0
[29-Jun-2017 23:44:23 Asia/Tokyo] PHP Notice:  Array to string conversion in /home/ubuntu/workspace/php/15/bbs.php on line 118
[29-Jun-2017 23:44:23 Asia/Tokyo] PHP Stack trace:
[29-Jun-2017 23:44:23 Asia/Tokyo] PHP   1. {main}() /home/ubuntu/workspace/php/15/bbs.php:0
[29-Jun-2017 23:44:23 Asia/Tokyo] PHP Notice:  Array to string conversion in /home/ubuntu/workspace/php/15/bbs.php on line 118
[29-Jun-2017 23:44:23 Asia/Tokyo] PHP Stack trace:
[29-Jun-2017 23:44:23 Asia/Tokyo] PHP   1. {main}() /home/ubuntu/workspace/php/15/bbs.php:0
[29-Jun-2017 23:44:23 Asia/Tokyo] PHP Notice:  Array to string conversion in /home/ubuntu/workspace/php/15/bbs.php on line 118
[29-Jun-2017 23:44:23 Asia/Tokyo] PHP Stack trace:
[29-Jun-2017 23:44:23 Asia/Tokyo] PHP   1. {main}() /home/ubuntu/workspace/php/15/bbs.php:0
[29-Jun-2017 23:51:13 Asia/Tokyo] PHP Notice:  Array to string conversion in /home/ubuntu/workspace/php/15/bbs.php on line 118
[29-Jun-2017 23:51:13 Asia/Tokyo] PHP Stack trace:
[29-Jun-2017 23:51:13 Asia/Tokyo] PHP   1. {main}() /home/ubuntu/workspace/php/15/bbs.php:0
[29-Jun-2017 23:51:13 Asia/Tokyo] PHP Notice:  Array to string conversion in /home/ubuntu/workspace/php/15/bbs.php on line 118
[29-Jun-2017 23:51:13 Asia/Tokyo] PHP Stack trace:
[29-Jun-2017 23:51:13 Asia/Tokyo] PHP   1. {main}() /home/ubuntu/workspace/php/15/bbs.php:0
[29-Jun-2017 23:51:13 Asia/Tokyo] PHP Notice:  Array to string conversion in /home/ubuntu/workspace/php/15/bbs.php on line 118
[29-Jun-2017 23:51:13 Asia/Tokyo] PHP Stack trace:
[29-Jun-2017 23:51:13 Asia/Tokyo] PHP   1. {main}() /home/ubuntu/workspace/php/15/bbs.php:0
[30-Jun-2017 00:01:26 Asia/Tokyo] PHP Notice:  Array to string conversion in /home/ubuntu/workspace/php/15/bbs.php on line 64
[30-Jun-2017 00:01:26 Asia/Tokyo] PHP Stack trace:
[30-Jun-2017 00:01:26 Asia/Tokyo] PHP   1. {main}() /home/ubuntu/workspace/php/15/bbs.php:0
[30-Jun-2017 00:01:26 Asia/Tokyo] PHP   2. PDOStatement->bindValue() /home/ubuntu/workspace/php/15/bbs.php:64
[30-Jun-2017 00:01:26 Asia/Tokyo] PHP Notice:  Undefined variable: user_comment in /home/ubuntu/workspace/php/15/bbs.php on line 65
[30-Jun-2017 00:01:26 Asia/Tokyo] PHP Stack trace:
[30-Jun-2017 00:01:26 Asia/Tokyo] PHP   1. {main}() /home/ubuntu/workspace/php/15/bbs.php:0
[30-Jun-2017 00:01:26 Asia/Tokyo] PHP Notice:  Undefined variable: create_datetime in /home/ubuntu/workspace/php/15/bbs.php on line 66
[30-Jun-2017 00:01:26 Asia/Tokyo] PHP Stack trace:
[30-Jun-2017 00:01:26 Asia/Tokyo] PHP   1. {main}() /home/ubuntu/workspace/php/15/bbs.php:0
[30-Jun-2017 00:01:26 Asia/Tokyo] PHP Fatal error:  Uncaught exception 'PDOException' with message 'SQLSTATE[23000]: Integrity constraint violation: 1048 Column 'user_comment' cannot be null' in /home/ubuntu/workspace/php/15/bbs.php:114
Stack trace:
#0 /home/ubuntu/workspace/php/15/bbs.php(114): unknown()
#1 {main}
  thrown in /home/ubuntu/workspace/php/15/bbs.php on line 114
[30-Jun-2017 18:13:47 Asia/Tokyo] PHP Notice:  Array to string conversion in /home/ubuntu/workspace/php/15/bbs.php on line 64
[30-Jun-2017 18:13:47 Asia/Tokyo] PHP Stack trace:
[30-Jun-2017 18:13:47 Asia/Tokyo] PHP   1. {main}() /home/ubuntu/workspace/php/15/bbs.php:0
[30-Jun-2017 18:13:47 Asia/Tokyo] PHP   2. PDOStatement->bindValue() /home/ubuntu/workspace/php/15/bbs.php:64
[30-Jun-2017 18:13:47 Asia/Tokyo] PHP Notice:  Undefined variable: user_comment in /home/ubuntu/workspace/php/15/bbs.php on line 65
[30-Jun-2017 18:13:47 Asia/Tokyo] PHP Stack trace:
[30-Jun-2017 18:13:47 Asia/Tokyo] PHP   1. {main}() /home/ubuntu/workspace/php/15/bbs.php:0
[30-Jun-2017 18:13:47 Asia/Tokyo] PHP Notice:  Undefined variable: create_datetime in /home/ubuntu/workspace/php/15/bbs.php on line 66
[30-Jun-2017 18:13:47 Asia/Tokyo] PHP Stack trace:
[30-Jun-2017 18:13:47 Asia/Tokyo] PHP   1. {main}() /home/ubuntu/workspace/php/15/bbs.php:0
[30-Jun-2017 18:13:47 Asia/Tokyo] PHP Fatal error:  Uncaught exception 'PDOException' with message 'SQLSTATE[23000]: Integrity constraint violation: 1048 Column 'user_comment' cannot be null' in /home/ubuntu/workspace/php/15/bbs.php:114
Stack trace:
#0 /home/ubuntu/workspace/php/15/bbs.php(114): unknown()
#1 {main}
  thrown in /home/ubuntu/workspace/php/15/bbs.php on line 114
[30-Jun-2017 18:41:23 Asia/Tokyo] PHP Notice:  Array to string conversion in /home/ubuntu/workspace/php/15/bbs.php on line 64
[30-Jun-2017 18:41:23 Asia/Tokyo] PHP Stack trace:
[30-Jun-2017 18:41:23 Asia/Tokyo] PHP   1. {main}() /home/ubuntu/workspace/php/15/bbs.php:0
[30-Jun-2017 18:41:23 Asia/Tokyo] PHP   2. PDOStatement->bindValue() /home/ubuntu/workspace/php/15/bbs.php:64
[30-Jun-2017 18:41:23 Asia/Tokyo] PHP Notice:  Undefined variable: user_comment in /home/ubuntu/workspace/php/15/bbs.php on line 65
[30-Jun-2017 18:41:23 Asia/Tokyo] PHP Stack trace:
[30-Jun-2017 18:41:23 Asia/Tokyo] PHP   1. {main}() /home/ubuntu/workspace/php/15/bbs.php:0
[30-Jun-2017 18:41:23 Asia/Tokyo] PHP Notice:  Undefined variable: create_datetime in /home/ubuntu/workspace/php/15/bbs.php on line 66
[30-Jun-2017 18:41:23 Asia/Tokyo] PHP Stack trace:
[30-Jun-2017 18:41:23 Asia/Tokyo] PHP   1. {main}() /home/ubuntu/workspace/php/15/bbs.php:0
[30-Jun-2017 18:41:23 Asia/Tokyo] PHP Fatal error:  Uncaught exception 'PDOException' with message 'SQLSTATE[23000]: Integrity constraint violation: 1048 Column 'user_comment' cannot be null' in /home/ubuntu/workspace/php/15/bbs.php:114
Stack trace:
#0 /home/ubuntu/workspace/php/15/bbs.php(114): unknown()
#1 {main}
  thrown in /home/ubuntu/workspace/php/15/bbs.php on line 114
[30-Jun-2017 18:52:37 Asia/Tokyo] PHP Notice:  Array to string conversion in /home/ubuntu/workspace/php/15/bbs.php on line 64
[30-Jun-2017 18:52:37 Asia/Tokyo] PHP Stack trace:
[30-Jun-2017 18:52:37 Asia/Tokyo] PHP   1. {main}() /home/ubuntu/workspace/php/15/bbs.php:0
[30-Jun-2017 18:52:37 Asia/Tokyo] PHP   2. PDOStatement->bindValue() /home/ubuntu/workspace/php/15/bbs.php:64
[30-Jun-2017 18:52:37 Asia/Tokyo] PHP Notice:  Undefined variable: user_comment in /home/ubuntu/workspace/php/15/bbs.php on line 65
[30-Jun-2017 18:52:37 Asia/Tokyo] PHP Stack trace:
[30-Jun-2017 18:52:37 Asia/Tokyo] PHP   1. {main}() /home/ubuntu/workspace/php/15/bbs.php:0
[30-Jun-2017 18:52:37 Asia/Tokyo] PHP Notice:  Undefined variable: create_datetime in /home/ubuntu/workspace/php/15/bbs.php on line 66
[30-Jun-2017 18:52:37 Asia/Tokyo] PHP Stack trace:
[30-Jun-2017 18:52:37 Asia/Tokyo] PHP   1. {main}() /home/ubuntu/workspace/php/15/bbs.php:0
[30-Jun-2017 18:52:37 Asia/Tokyo] PHP Fatal error:  Uncaught exception 'PDOException' with message 'SQLSTATE[23000]: Integrity constraint violation: 1048 Column 'user_comment' cannot be null' in /home/ubuntu/workspace/php/15/bbs.php:114
Stack trace:
#0 /home/ubuntu/workspace/php/15/bbs.php(114): unknown()
#1 {main}
  thrown in /home/ubuntu/workspace/php/15/bbs.php on line 114
[30-Jun-2017 18:52:43 Asia/Tokyo] PHP Notice:  Array to string conversion in /home/ubuntu/workspace/php/15/bbs.php on line 64
[30-Jun-2017 18:52:43 Asia/Tokyo] PHP Stack trace:
[30-Jun-2017 18:52:43 Asia/Tokyo] PHP   1. {main}() /home/ubuntu/workspace/php/15/bbs.php:0
[30-Jun-2017 18:52:43 Asia/Tokyo] PHP   2. PDOStatement->bindValue() /home/ubuntu/workspace/php/15/bbs.php:64
[30-Jun-2017 18:52:43 Asia/Tokyo] PHP Notice:  Undefined variable: user_comment in /home/ubuntu/workspace/php/15/bbs.php on line 65
[30-Jun-2017 18:52:43 Asia/Tokyo] PHP Stack trace:
[30-Jun-2017 18:52:43 Asia/Tokyo] PHP   1. {main}() /home/ubuntu/workspace/php/15/bbs.php:0
[30-Jun-2017 18:52:43 Asia/Tokyo] PHP Notice:  Undefined variable: create_datetime in /home/ubuntu/workspace/php/15/bbs.php on line 66
[30-Jun-2017 18:52:43 Asia/Tokyo] PHP Stack trace:
[30-Jun-2017 18:52:43 Asia/Tokyo] PHP   1. {main}() /home/ubuntu/workspace/php/15/bbs.php:0
[30-Jun-2017 18:52:43 Asia/Tokyo] PHP Fatal error:  Uncaught exception 'PDOException' with message 'SQLSTATE[23000]: Integrity constraint violation: 1048 Column 'user_comment' cannot be null' in /home/ubuntu/workspace/php/15/bbs.php:114
Stack trace:
#0 /home/ubuntu/workspace/php/15/bbs.php(114): unknown()
#1 {main}
  thrown in /home/ubuntu/workspace/php/15/bbs.php on line 114
[30-Jun-2017 20:11:20 Asia/Tokyo] PHP Notice:  Array to string conversion in /home/ubuntu/workspace/php/15/bbs.php on line 52
[30-Jun-2017 20:11:20 Asia/Tokyo] PHP Stack trace:
[30-Jun-2017 20:11:20 Asia/Tokyo] PHP   1. {main}() /home/ubuntu/workspace/php/15/bbs.php:0
[30-Jun-2017 20:11:20 Asia/Tokyo] PHP   2. PDOStatement->bindValue() /home/ubuntu/workspace/php/15/bbs.php:52
[30-Jun-2017 20:11:20 Asia/Tokyo] PHP Notice:  Undefined variable: user_comment in /home/ubuntu/workspace/php/15/bbs.php on line 53
[30-Jun-2017 20:11:20 Asia/Tokyo] PHP Stack trace:
[30-Jun-2017 20:11:20 Asia/Tokyo] PHP   1. {main}() /home/ubuntu/workspace/php/15/bbs.php:0
[30-Jun-2017 20:11:20 Asia/Tokyo] PHP Notice:  Undefined variable: create_datetime in /home/ubuntu/workspace/php/15/bbs.php on line 54
[30-Jun-2017 20:11:20 Asia/Tokyo] PHP Stack trace:
[30-Jun-2017 20:11:20 Asia/Tokyo] PHP   1. {main}() /home/ubuntu/workspace/php/15/bbs.php:0
[30-Jun-2017 20:11:20 Asia/Tokyo] PHP Fatal error:  Uncaught exception 'PDOException' with message 'SQLSTATE[23000]: Integrity constraint violation: 1048 Column 'user_comment' cannot be null' in /home/ubuntu/workspace/php/15/bbs.php:97
Stack trace:
#0 /home/ubuntu/workspace/php/15/bbs.php(97): unknown()
#1 {main}
  thrown in /home/ubuntu/workspace/php/15/bbs.php on line 97
[30-Jun-2017 20:23:29 Asia/Tokyo] PHP Notice:  Array to string conversion in /home/ubuntu/workspace/php/15/bbs.php on line 101
[30-Jun-2017 20:23:29 Asia/Tokyo] PHP Stack trace:
[30-Jun-2017 20:23:29 Asia/Tokyo] PHP   1. {main}() /home/ubuntu/workspace/php/15/bbs.php:0
[30-Jun-2017 20:23:29 Asia/Tokyo] PHP Notice:  Array to string conversion in /home/ubuntu/workspace/php/15/bbs.php on line 101
[30-Jun-2017 20:23:29 Asia/Tokyo] PHP Stack trace:
[30-Jun-2017 20:23:29 Asia/Tokyo] PHP   1. {main}() /home/ubuntu/workspace/php/15/bbs.php:0
[30-Jun-2017 20:23:29 Asia/Tokyo] PHP Notice:  Array to string conversion in /home/ubuntu/workspace/php/15/bbs.php on line 101
[30-Jun-2017 20:23:29 Asia/Tokyo] PHP Stack trace:
[30-Jun-2017 20:23:29 Asia/Tokyo] PHP   1. {main}() /home/ubuntu/workspace/php/15/bbs.php:0
[30-Jun-2017 20:34:43 Asia/Tokyo] PHP Notice:  Array to string conversion in /home/ubuntu/workspace/php/15/bbs.php on line 52
[30-Jun-2017 20:34:43 Asia/Tokyo] PHP Stack trace:
[30-Jun-2017 20:34:43 Asia/Tokyo] PHP   1. {main}() /home/ubuntu/workspace/php/15/bbs.php:0
[30-Jun-2017 20:34:43 Asia/Tokyo] PHP   2. PDOStatement->bindValue() /home/ubuntu/workspace/php/15/bbs.php:52
[30-Jun-2017 20:34:43 Asia/Tokyo] PHP Notice:  Undefined variable: user_comment in /home/ubuntu/workspace/php/15/bbs.php on line 53
[30-Jun-2017 20:34:43 Asia/Tokyo] PHP Stack trace:
[30-Jun-2017 20:34:43 Asia/Tokyo] PHP   1. {main}() /home/ubuntu/workspace/php/15/bbs.php:0
[30-Jun-2017 20:34:43 Asia/Tokyo] PHP Notice:  Undefined variable: create_datetime in /home/ubuntu/workspace/php/15/bbs.php on line 54
[30-Jun-2017 20:34:43 Asia/Tokyo] PHP Stack trace:
[30-Jun-2017 20:34:43 Asia/Tokyo] PHP   1. {main}() /home/ubuntu/workspace/php/15/bbs.php:0
[30-Jun-2017 20:34:43 Asia/Tokyo] PHP Notice:  Undefined variable: rows in /home/ubuntu/workspace/php/15/bbs.php on line 97
[30-Jun-2017 20:34:43 Asia/Tokyo] PHP Stack trace:
[30-Jun-2017 20:34:43 Asia/Tokyo] PHP   1. {main}() /home/ubuntu/workspace/php/15/bbs.php:0
[30-Jun-2017 20:34:43 Asia/Tokyo] PHP Warning:  Invalid argument supplied for foreach() in /home/ubuntu/workspace/php/15/bbs.php on line 97
[30-Jun-2017 20:34:43 Asia/Tokyo] PHP Stack trace:
[30-Jun-2017 20:34:43 Asia/Tokyo] PHP   1. {main}() /home/ubuntu/workspace/php/15/bbs.php:0
[30-Jun-2017 20:35:12 Asia/Tokyo] PHP Notice:  Array to string conversion in /home/ubuntu/workspace/php/15/bbs.php on line 52
[30-Jun-2017 20:35:12 Asia/Tokyo] PHP Stack trace:
[30-Jun-2017 20:35:12 Asia/Tokyo] PHP   1. {main}() /home/ubuntu/workspace/php/15/bbs.php:0
[30-Jun-2017 20:35:12 Asia/Tokyo] PHP   2. PDOStatement->bindValue() /home/ubuntu/workspace/php/15/bbs.php:52
[30-Jun-2017 20:35:12 Asia/Tokyo] PHP Notice:  Undefined variable: user_comment in /home/ubuntu/workspace/php/15/bbs.php on line 53
[30-Jun-2017 20:35:12 Asia/Tokyo] PHP Stack trace:
[30-Jun-2017 20:35:12 Asia/Tokyo] PHP   1. {main}() /home/ubuntu/workspace/php/15/bbs.php:0
[30-Jun-2017 20:35:12 Asia/Tokyo] PHP Notice:  Undefined variable: create_datetime in /home/ubuntu/workspace/php/15/bbs.php on line 54
[30-Jun-2017 20:35:12 Asia/Tokyo] PHP Stack trace:
[30-Jun-2017 20:35:12 Asia/Tokyo] PHP   1. {main}() /home/ubuntu/workspace/php/15/bbs.php:0
[30-Jun-2017 20:35:12 Asia/Tokyo] PHP Notice:  Undefined variable: rows in /home/ubuntu/workspace/php/15/bbs.php on line 97
[30-Jun-2017 20:35:12 Asia/Tokyo] PHP Stack trace:
[30-Jun-2017 20:35:12 Asia/Tokyo] PHP   1. {main}() /home/ubuntu/workspace/php/15/bbs.php:0
[30-Jun-2017 20:35:12 Asia/Tokyo] PHP Warning:  Invalid argument supplied for foreach() in /home/ubuntu/workspace/php/15/bbs.php on line 97
[30-Jun-2017 20:35:12 Asia/Tokyo] PHP Stack trace:
[30-Jun-2017 20:35:12 Asia/Tokyo] PHP   1. {main}() /home/ubuntu/workspace/php/15/bbs.php:0
[30-Jun-2017 20:36:08 Asia/Tokyo] PHP Notice:  Array to string conversion in /home/ubuntu/workspace/php/15/bbs.php on line 52
[30-Jun-2017 20:36:08 Asia/Tokyo] PHP Stack trace:
[30-Jun-2017 20:36:08 Asia/Tokyo] PHP   1. {main}() /home/ubuntu/workspace/php/15/bbs.php:0
[30-Jun-2017 20:36:08 Asia/Tokyo] PHP   2. PDOStatement->bindValue() /home/ubuntu/workspace/php/15/bbs.php:52
[30-Jun-2017 20:36:08 Asia/Tokyo] PHP Notice:  Undefined variable: user_comment in /home/ubuntu/workspace/php/15/bbs.php on line 53
[30-Jun-2017 20:36:08 Asia/Tokyo] PHP Stack trace:
[30-Jun-2017 20:36:08 Asia/Tokyo] PHP   1. {main}() /home/ubuntu/workspace/php/15/bbs.php:0
[30-Jun-2017 20:36:08 Asia/Tokyo] PHP Notice:  Undefined variable: create_datetime in /home/ubuntu/workspace/php/15/bbs.php on line 54
[30-Jun-2017 20:36:08 Asia/Tokyo] PHP Stack trace:
[30-Jun-2017 20:36:08 Asia/Tokyo] PHP   1. {main}() /home/ubuntu/workspace/php/15/bbs.php:0
[30-Jun-2017 20:36:08 Asia/Tokyo] PHP Notice:  Undefined variable: rows in /home/ubuntu/workspace/php/15/bbs.php on line 97
[30-Jun-2017 20:36:08 Asia/Tokyo] PHP Stack trace:
[30-Jun-2017 20:36:08 Asia/Tokyo] PHP   1. {main}() /home/ubuntu/workspace/php/15/bbs.php:0
[30-Jun-2017 20:36:08 Asia/Tokyo] PHP Warning:  Invalid argument supplied for foreach() in /home/ubuntu/workspace/php/15/bbs.php on line 97
[30-Jun-2017 20:36:08 Asia/Tokyo] PHP Stack trace:
[30-Jun-2017 20:36:08 Asia/Tokyo] PHP   1. {main}() /home/ubuntu/workspace/php/15/bbs.php:0
[30-Jun-2017 20:37:38 Asia/Tokyo] PHP Notice:  Array to string conversion in /home/ubuntu/workspace/php/15/bbs.php on line 52
[30-Jun-2017 20:37:38 Asia/Tokyo] PHP Stack trace:
[30-Jun-2017 20:37:38 Asia/Tokyo] PHP   1. {main}() /home/ubuntu/workspace/php/15/bbs.php:0
[30-Jun-2017 20:37:38 Asia/Tokyo] PHP   2. PDOStatement->bindValue() /home/ubuntu/workspace/php/15/bbs.php:52
[30-Jun-2017 20:37:38 Asia/Tokyo] PHP Notice:  Undefined variable: user_comment in /home/ubuntu/workspace/php/15/bbs.php on line 53
[30-Jun-2017 20:37:38 Asia/Tokyo] PHP Stack trace:
[30-Jun-2017 20:37:38 Asia/Tokyo] PHP   1. {main}() /home/ubuntu/workspace/php/15/bbs.php:0
[30-Jun-2017 20:37:38 Asia/Tokyo] PHP Notice:  Undefined variable: create_datetime in /home/ubuntu/workspace/php/15/bbs.php on line 54
[30-Jun-2017 20:37:38 Asia/Tokyo] PHP Stack trace:
[30-Jun-2017 20:37:38 Asia/Tokyo] PHP   1. {main}() /home/ubuntu/workspace/php/15/bbs.php:0
[30-Jun-2017 20:37:38 Asia/Tokyo] PHP Notice:  Undefined variable: rows in /home/ubuntu/workspace/php/15/bbs.php on line 96
[30-Jun-2017 20:37:38 Asia/Tokyo] PHP Stack trace:
[30-Jun-2017 20:37:38 Asia/Tokyo] PHP   1. {main}() /home/ubuntu/workspace/php/15/bbs.php:0
[30-Jun-2017 20:37:38 Asia/Tokyo] PHP Warning:  Invalid argument supplied for foreach() in /home/ubuntu/workspace/php/15/bbs.php on line 96
[30-Jun-2017 20:37:38 Asia/Tokyo] PHP Stack trace:
[30-Jun-2017 20:37:38 Asia/Tokyo] PHP   1. {main}() /home/ubuntu/workspace/php/15/bbs.php:0
[30-Jun-2017 20:38:04 Asia/Tokyo] PHP Notice:  Array to string conversion in /home/ubuntu/workspace/php/15/bbs.php on line 52
[30-Jun-2017 20:38:04 Asia/Tokyo] PHP Stack trace:
[30-Jun-2017 20:38:04 Asia/Tokyo] PHP   1. {main}() /home/ubuntu/workspace/php/15/bbs.php:0
[30-Jun-2017 20:38:04 Asia/Tokyo] PHP   2. PDOStatement->bindValue() /home/ubuntu/workspace/php/15/bbs.php:52
[30-Jun-2017 20:38:04 Asia/Tokyo] PHP Notice:  Undefined variable: user_comment in /home/ubuntu/workspace/php/15/bbs.php on line 53
[30-Jun-2017 20:38:04 Asia/Tokyo] PHP Stack trace:
[30-Jun-2017 20:38:04 Asia/Tokyo] PHP   1. {main}() /home/ubuntu/workspace/php/15/bbs.php:0
[30-Jun-2017 20:38:04 Asia/Tokyo] PHP Notice:  Undefined variable: create_datetime in /home/ubuntu/workspace/php/15/bbs.php on line 54
[30-Jun-2017 20:38:04 Asia/Tokyo] PHP Stack trace:
[30-Jun-2017 20:38:04 Asia/Tokyo] PHP   1. {main}() /home/ubuntu/workspace/php/15/bbs.php:0
[30-Jun-2017 20:38:04 Asia/Tokyo] PHP Notice:  Undefined variable: rows in /home/ubuntu/workspace/php/15/bbs.php on line 96
[30-Jun-2017 20:38:04 Asia/Tokyo] PHP Stack trace:
[30-Jun-2017 20:38:04 Asia/Tokyo] PHP   1. {main}() /home/ubuntu/workspace/php/15/bbs.php:0
[30-Jun-2017 20:38:04 Asia/Tokyo] PHP Warning:  Invalid argument supplied for foreach() in /home/ubuntu/workspace/php/15/bbs.php on line 96
[30-Jun-2017 20:38:04 Asia/Tokyo] PHP Stack trace:
[30-Jun-2017 20:38:04 Asia/Tokyo] PHP   1. {main}() /home/ubuntu/workspace/php/15/bbs.php:0
[30-Jun-2017 20:38:29 Asia/Tokyo] PHP Notice:  Array to string conversion in /home/ubuntu/workspace/php/15/bbs.php on line 52
[30-Jun-2017 20:38:29 Asia/Tokyo] PHP Stack trace:
[30-Jun-2017 20:38:29 Asia/Tokyo] PHP   1. {main}() /home/ubuntu/workspace/php/15/bbs.php:0
[30-Jun-2017 20:38:29 Asia/Tokyo] PHP   2. PDOStatement->bindValue() /home/ubuntu/workspace/php/15/bbs.php:52
[30-Jun-2017 20:38:29 Asia/Tokyo] PHP Notice:  Undefined variable: user_comment in /home/ubuntu/workspace/php/15/bbs.php on line 53
[30-Jun-2017 20:38:29 Asia/Tokyo] PHP Stack trace:
[30-Jun-2017 20:38:29 Asia/Tokyo] PHP   1. {main}() /home/ubuntu/workspace/php/15/bbs.php:0
[30-Jun-2017 20:38:29 Asia/Tokyo] PHP Notice:  Undefined variable: create_datetime in /home/ubuntu/workspace/php/15/bbs.php on line 54
[30-Jun-2017 20:38:29 Asia/Tokyo] PHP Stack trace:
[30-Jun-2017 20:38:29 Asia/Tokyo] PHP   1. {main}() /home/ubuntu/workspace/php/15/bbs.php:0
[30-Jun-2017 20:38:29 Asia/Tokyo] PHP Notice:  Undefined variable: rows in /home/ubuntu/workspace/php/15/bbs.php on line 96
[30-Jun-2017 20:38:29 Asia/Tokyo] PHP Stack trace:
[30-Jun-2017 20:38:29 Asia/Tokyo] PHP   1. {main}() /home/ubuntu/workspace/php/15/bbs.php:0
[30-Jun-2017 20:38:29 Asia/Tokyo] PHP Warning:  Invalid argument supplied for foreach() in /home/ubuntu/workspace/php/15/bbs.php on line 96
[30-Jun-2017 20:38:29 Asia/Tokyo] PHP Stack trace:
[30-Jun-2017 20:38:29 Asia/Tokyo] PHP   1. {main}() /home/ubuntu/workspace/php/15/bbs.php:0
[30-Jun-2017 20:47:09 Asia/Tokyo] PHP Notice:  Array to string conversion in /home/ubuntu/workspace/php/15/bbs.php on line 52
[30-Jun-2017 20:47:09 Asia/Tokyo] PHP Stack trace:
[30-Jun-2017 20:47:09 Asia/Tokyo] PHP   1. {main}() /home/ubuntu/workspace/php/15/bbs.php:0
[30-Jun-2017 20:47:09 Asia/Tokyo] PHP   2. PDOStatement->bindValue() /home/ubuntu/workspace/php/15/bbs.php:52
[30-Jun-2017 20:47:09 Asia/Tokyo] PHP Notice:  Array to string conversion in /home/ubuntu/workspace/php/15/bbs.php on line 53
[30-Jun-2017 20:47:09 Asia/Tokyo] PHP Stack trace:
[30-Jun-2017 20:47:09 Asia/Tokyo] PHP   1. {main}() /home/ubuntu/workspace/php/15/bbs.php:0
[30-Jun-2017 20:47:09 Asia/Tokyo] PHP   2. PDOStatement->bindValue() /home/ubuntu/workspace/php/15/bbs.php:53
[30-Jun-2017 20:47:09 Asia/Tokyo] PHP Notice:  Undefined variable: create_datetime in /home/ubuntu/workspace/php/15/bbs.php on line 54
[30-Jun-2017 20:47:09 Asia/Tokyo] PHP Stack trace:
[30-Jun-2017 20:47:09 Asia/Tokyo] PHP   1. {main}() /home/ubuntu/workspace/php/15/bbs.php:0
[30-Jun-2017 20:47:09 Asia/Tokyo] PHP Notice:  Undefined variable: rows in /home/ubuntu/workspace/php/15/bbs.php on line 96
[30-Jun-2017 20:47:09 Asia/Tokyo] PHP Stack trace:
[30-Jun-2017 20:47:09 Asia/Tokyo] PHP   1. {main}() /home/ubuntu/workspace/php/15/bbs.php:0
[30-Jun-2017 20:47:09 Asia/Tokyo] PHP Warning:  Invalid argument supplied for foreach() in /home/ubuntu/workspace/php/15/bbs.php on line 96
[30-Jun-2017 20:47:09 Asia/Tokyo] PHP Stack trace:
[30-Jun-2017 20:47:09 Asia/Tokyo] PHP   1. {main}() /home/ubuntu/workspace/php/15/bbs.php:0
[30-Jun-2017 20:48:32 Asia/Tokyo] PHP Notice:  Array to string conversion in /home/ubuntu/workspace/php/15/bbs.php on line 52
[30-Jun-2017 20:48:32 Asia/Tokyo] PHP Stack trace:
[30-Jun-2017 20:48:32 Asia/Tokyo] PHP   1. {main}() /home/ubuntu/workspace/php/15/bbs.php:0
[30-Jun-2017 20:48:32 Asia/Tokyo] PHP   2. PDOStatement->bindValue() /home/ubuntu/workspace/php/15/bbs.php:52
[30-Jun-2017 20:48:32 Asia/Tokyo] PHP Notice:  Array to string conversion in /home/ubuntu/workspace/php/15/bbs.php on line 53
[30-Jun-2017 20:48:32 Asia/Tokyo] PHP Stack trace:
[30-Jun-2017 20:48:32 Asia/Tokyo] PHP   1. {main}() /home/ubuntu/workspace/php/15/bbs.php:0
[30-Jun-2017 20:48:32 Asia/Tokyo] PHP   2. PDOStatement->bindValue() /home/ubuntu/workspace/php/15/bbs.php:53
[30-Jun-2017 20:48:32 Asia/Tokyo] PHP Notice:  Undefined variable: create_datetime in /home/ubuntu/workspace/php/15/bbs.php on line 54
[30-Jun-2017 20:48:32 Asia/Tokyo] PHP Stack trace:
[30-Jun-2017 20:48:32 Asia/Tokyo] PHP   1. {main}() /home/ubuntu/workspace/php/15/bbs.php:0
[30-Jun-2017 20:48:32 Asia/Tokyo] PHP Notice:  Undefined variable: rows in /home/ubuntu/workspace/php/15/bbs.php on line 96
[30-Jun-2017 20:48:32 Asia/Tokyo] PHP Stack trace:
[30-Jun-2017 20:48:32 Asia/Tokyo] PHP   1. {main}() /home/ubuntu/workspace/php/15/bbs.php:0
[30-Jun-2017 20:48:32 Asia/Tokyo] PHP Warning:  Invalid argument supplied for foreach() in /home/ubuntu/workspace/php/15/bbs.php on line 96
[30-Jun-2017 20:48:32 Asia/Tokyo] PHP Stack trace:
[30-Jun-2017 20:48:32 Asia/Tokyo] PHP   1. {main}() /home/ubuntu/workspace/php/15/bbs.php:0
[30-Jun-2017 20:50:28 Asia/Tokyo] PHP Notice:  Array to string conversion in /home/ubuntu/workspace/php/15/bbs.php on line 52
[30-Jun-2017 20:50:28 Asia/Tokyo] PHP Stack trace:
[30-Jun-2017 20:50:28 Asia/Tokyo] PHP   1. {main}() /home/ubuntu/workspace/php/15/bbs.php:0
[30-Jun-2017 20:50:28 Asia/Tokyo] PHP   2. PDOStatement->bindValue() /home/ubuntu/workspace/php/15/bbs.php:52
[30-Jun-2017 20:50:28 Asia/Tokyo] PHP Notice:  Array to string conversion in /home/ubuntu/workspace/php/15/bbs.php on line 53
[30-Jun-2017 20:50:28 Asia/Tokyo] PHP Stack trace:
[30-Jun-2017 20:50:28 Asia/Tokyo] PHP   1. {main}() /home/ubuntu/workspace/php/15/bbs.php:0
[30-Jun-2017 20:50:28 Asia/Tokyo] PHP   2. PDOStatement->bindValue() /home/ubuntu/workspace/php/15/bbs.php:53
[30-Jun-2017 20:51:11 Asia/Tokyo] PHP Notice:  Array to string conversion in /home/ubuntu/workspace/php/15/bbs.php on line 52
[30-Jun-2017 20:51:11 Asia/Tokyo] PHP Stack trace:
[30-Jun-2017 20:51:11 Asia/Tokyo] PHP   1. {main}() /home/ubuntu/workspace/php/15/bbs.php:0
[30-Jun-2017 20:51:11 Asia/Tokyo] PHP   2. PDOStatement->bindValue() /home/ubuntu/workspace/php/15/bbs.php:52
[30-Jun-2017 20:51:11 Asia/Tokyo] PHP Notice:  Array to string conversion in /home/ubuntu/workspace/php/15/bbs.php on line 53
[30-Jun-2017 20:51:11 Asia/Tokyo] PHP Stack trace:
[30-Jun-2017 20:51:11 Asia/Tokyo] PHP   1. {main}() /home/ubuntu/workspace/php/15/bbs.php:0
[30-Jun-2017 20:51:11 Asia/Tokyo] PHP   2. PDOStatement->bindValue() /home/ubuntu/workspace/php/15/bbs.php:53
[30-Jun-2017 20:51:11 Asia/Tokyo] PHP Notice:  Array to string conversion in /home/ubuntu/workspace/php/15/bbs.php on line 54
[30-Jun-2017 20:51:11 Asia/Tokyo] PHP Stack trace:
[30-Jun-2017 20:51:11 Asia/Tokyo] PHP   1. {main}() /home/ubuntu/workspace/php/15/bbs.php:0
[30-Jun-2017 20:51:11 Asia/Tokyo] PHP   2. PDOStatement->bindValue() /home/ubuntu/workspace/php/15/bbs.php:54
[30-Jun-2017 20:51:48 Asia/Tokyo] PHP Notice:  Array to string conversion in /home/ubuntu/workspace/php/15/bbs.php on line 52
[30-Jun-2017 20:51:48 Asia/Tokyo] PHP Stack trace:
[30-Jun-2017 20:51:48 Asia/Tokyo] PHP   1. {main}() /home/ubuntu/workspace/php/15/bbs.php:0
[30-Jun-2017 20:51:48 Asia/Tokyo] PHP   2. PDOStatement->bindValue() /home/ubuntu/workspace/php/15/bbs.php:52
[30-Jun-2017 20:51:48 Asia/Tokyo] PHP Notice:  Array to string conversion in /home/ubuntu/workspace/php/15/bbs.php on line 53
[30-Jun-2017 20:51:48 Asia/Tokyo] PHP Stack trace:
[30-Jun-2017 20:51:48 Asia/Tokyo] PHP   1. {main}() /home/ubuntu/workspace/php/15/bbs.php:0
[30-Jun-2017 20:51:48 Asia/Tokyo] PHP   2. PDOStatement->bindValue() /home/ubuntu/workspace/php/15/bbs.php:53
[30-Jun-2017 20:52:16 Asia/Tokyo] PHP Notice:  Array to string conversion in /home/ubuntu/workspace/php/15/bbs.php on line 52
[30-Jun-2017 20:52:16 Asia/Tokyo] PHP Stack trace:
[30-Jun-2017 20:52:16 Asia/Tokyo] PHP   1. {main}() /home/ubuntu/workspace/php/15/bbs.php:0
[30-Jun-2017 20:52:16 Asia/Tokyo] PHP   2. PDOStatement->bindValue() /home/ubuntu/workspace/php/15/bbs.php:52
[30-Jun-2017 20:52:16 Asia/Tokyo] PHP Notice:  Array to string conversion in /home/ubuntu/workspace/php/15/bbs.php on line 53
[30-Jun-2017 20:52:16 Asia/Tokyo] PHP Stack trace:
[30-Jun-2017 20:52:16 Asia/Tokyo] PHP   1. {main}() /home/ubuntu/workspace/php/15/bbs.php:0
[30-Jun-2017 20:52:16 Asia/Tokyo] PHP   2. PDOStatement->bindValue() /home/ubuntu/workspace/php/15/bbs.php:53
[30-Jun-2017 20:53:15 Asia/Tokyo] PHP Notice:  Array to string conversion in /home/ubuntu/workspace/php/15/bbs.php on line 52
[30-Jun-2017 20:53:15 Asia/Tokyo] PHP Stack trace:
[30-Jun-2017 20:53:15 Asia/Tokyo] PHP   1. {main}() /home/ubuntu/workspace/php/15/bbs.php:0
[30-Jun-2017 20:53:15 Asia/Tokyo] PHP   2. PDOStatement->bindValue() /home/ubuntu/workspace/php/15/bbs.php:52
[30-Jun-2017 20:53:15 Asia/Tokyo] PHP Notice:  Array to string conversion in /home/ubuntu/workspace/php/15/bbs.php on line 53
[30-Jun-2017 20:53:15 Asia/Tokyo] PHP Stack trace:
[30-Jun-2017 20:53:15 Asia/Tokyo] PHP   1. {main}() /home/ubuntu/workspace/php/15/bbs.php:0
[30-Jun-2017 20:53:15 Asia/Tokyo] PHP   2. PDOStatement->bindValue() /home/ubuntu/workspace/php/15/bbs.php:53
[30-Jun-2017 20:55:18 Asia/Tokyo] PHP Notice:  Array to string conversion in /home/ubuntu/workspace/php/15/bbs.php on line 52
[30-Jun-2017 20:55:18 Asia/Tokyo] PHP Stack trace:
[30-Jun-2017 20:55:18 Asia/Tokyo] PHP   1. {main}() /home/ubuntu/workspace/php/15/bbs.php:0
[30-Jun-2017 20:55:18 Asia/Tokyo] PHP   2. PDOStatement->bindValue() /home/ubuntu/workspace/php/15/bbs.php:52
[30-Jun-2017 20:55:18 Asia/Tokyo] PHP Notice:  Array to string conversion in /home/ubuntu/workspace/php/15/bbs.php on line 53
[30-Jun-2017 20:55:18 Asia/Tokyo] PHP Stack trace:
[30-Jun-2017 20:55:18 Asia/Tokyo] PHP   1. {main}() /home/ubuntu/workspace/php/15/bbs.php:0
[30-Jun-2017 20:55:18 Asia/Tokyo] PHP   2. PDOStatement->bindValue() /home/ubuntu/workspace/php/15/bbs.php:53
[30-Jun-2017 21:01:53 Asia/Tokyo] PHP Notice:  Array to string conversion in /home/ubuntu/workspace/php/15/bbs.php on line 52
[30-Jun-2017 21:01:53 Asia/Tokyo] PHP Stack trace:
[30-Jun-2017 21:01:53 Asia/Tokyo] PHP   1. {main}() /home/ubuntu/workspace/php/15/bbs.php:0
[30-Jun-2017 21:01:53 Asia/Tokyo] PHP   2. PDOStatement->bindValue() /home/ubuntu/workspace/php/15/bbs.php:52
[30-Jun-2017 21:01:53 Asia/Tokyo] PHP Notice:  Array to string conversion in /home/ubuntu/workspace/php/15/bbs.php on line 53
[30-Jun-2017 21:01:53 Asia/Tokyo] PHP Stack trace:
[30-Jun-2017 21:01:53 Asia/Tokyo] PHP   1. {main}() /home/ubuntu/workspace/php/15/bbs.php:0
[30-Jun-2017 21:01:53 Asia/Tokyo] PHP   2. PDOStatement->bindValue() /home/ubuntu/workspace/php/15/bbs.php:53
[30-Jun-2017 21:31:20 Asia/Tokyo] PHP Notice:  Array to string conversion in /home/ubuntu/workspace/php/15/bbs.php on line 52
[30-Jun-2017 21:31:20 Asia/Tokyo] PHP Stack trace:
[30-Jun-2017 21:31:20 Asia/Tokyo] PHP   1. {main}() /home/ubuntu/workspace/php/15/bbs.php:0
[30-Jun-2017 21:31:20 Asia/Tokyo] PHP   2. PDOStatement->bindValue() /home/ubuntu/workspace/php/15/bbs.php:52
[30-Jun-2017 21:31:20 Asia/Tokyo] PHP Notice:  Array to string conversion in /home/ubuntu/workspace/php/15/bbs.php on line 53
[30-Jun-2017 21:31:20 Asia/Tokyo] PHP Stack trace:
[30-Jun-2017 21:31:20 Asia/Tokyo] PHP   1. {main}() /home/ubuntu/workspace/php/15/bbs.php:0
[30-Jun-2017 21:31:20 Asia/Tokyo] PHP   2. PDOStatement->bindValue() /home/ubuntu/workspace/php/15/bbs.php:53
[30-Jun-2017 21:36:35 Asia/Tokyo] PHP Notice:  Array to string conversion in /home/ubuntu/workspace/php/15/bbs.php on line 52
[30-Jun-2017 21:36:35 Asia/Tokyo] PHP Stack trace:
[30-Jun-2017 21:36:35 Asia/Tokyo] PHP   1. {main}() /home/ubuntu/workspace/php/15/bbs.php:0
[30-Jun-2017 21:36:35 Asia/Tokyo] PHP   2. PDOStatement->bindValue() /home/ubuntu/workspace/php/15/bbs.php:52
[30-Jun-2017 21:36:35 Asia/Tokyo] PHP Notice:  Array to string conversion in /home/ubuntu/workspace/php/15/bbs.php on line 53
[30-Jun-2017 21:36:35 Asia/Tokyo] PHP Stack trace:
[30-Jun-2017 21:36:35 Asia/Tokyo] PHP   1. {main}() /home/ubuntu/workspace/php/15/bbs.php:0
[30-Jun-2017 21:36:35 Asia/Tokyo] PHP   2. PDOStatement->bindValue() /home/ubuntu/workspace/php/15/bbs.php:53
[30-Jun-2017 21:55:57 Asia/Tokyo] PHP Notice:  Array to string conversion in /home/ubuntu/workspace/php/15/bbs.php on line 52
[30-Jun-2017 21:55:57 Asia/Tokyo] PHP Stack trace:
[30-Jun-2017 21:55:57 Asia/Tokyo] PHP   1. {main}() /home/ubuntu/workspace/php/15/bbs.php:0
[30-Jun-2017 21:55:57 Asia/Tokyo] PHP   2. PDOStatement->bindValue() /home/ubuntu/workspace/php/15/bbs.php:52
[30-Jun-2017 21:55:57 Asia/Tokyo] PHP Notice:  Array to string conversion in /home/ubuntu/workspace/php/15/bbs.php on line 53
[30-Jun-2017 21:55:57 Asia/Tokyo] PHP Stack trace:
[30-Jun-2017 21:55:57 Asia/Tokyo] PHP   1. {main}() /home/ubuntu/workspace/php/15/bbs.php:0
[30-Jun-2017 21:55:57 Asia/Tokyo] PHP   2. PDOStatement->bindValue() /home/ubuntu/workspace/php/15/bbs.php:53
[30-Jun-2017 22:43:11 Asia/Tokyo] PHP Notice:  Array to string conversion in /home/ubuntu/workspace/php/15/bbs.php on line 51
[30-Jun-2017 22:43:11 Asia/Tokyo] PHP Stack trace:
[30-Jun-2017 22:43:11 Asia/Tokyo] PHP   1. {main}() /home/ubuntu/workspace/php/15/bbs.php:0
[30-Jun-2017 22:43:11 Asia/Tokyo] PHP   2. PDOStatement->bindValue() /home/ubuntu/workspace/php/15/bbs.php:51
[30-Jun-2017 22:43:11 Asia/Tokyo] PHP Notice:  Array to string conversion in /home/ubuntu/workspace/php/15/bbs.php on line 52
[30-Jun-2017 22:43:11 Asia/Tokyo] PHP Stack trace:
[30-Jun-2017 22:43:11 Asia/Tokyo] PHP   1. {main}() /home/ubuntu/workspace/php/15/bbs.php:0
[30-Jun-2017 22:43:11 Asia/Tokyo] PHP   2. PDOStatement->bindValue() /home/ubuntu/workspace/php/15/bbs.php:52
[30-Jun-2017 22:43:11 Asia/Tokyo] PHP Notice:  Undefined variable: create_datetime in /home/ubuntu/workspace/php/15/bbs.php on line 53
[30-Jun-2017 22:43:11 Asia/Tokyo] PHP Stack trace:
[30-Jun-2017 22:43:11 Asia/Tokyo] PHP   1. {main}() /home/ubuntu/workspace/php/15/bbs.php:0
[30-Jun-2017 22:43:11 Asia/Tokyo] PHP Notice:  Undefined variable: rows in /home/ubuntu/workspace/php/15/bbs.php on line 95
[30-Jun-2017 22:43:11 Asia/Tokyo] PHP Stack trace:
[30-Jun-2017 22:43:11 Asia/Tokyo] PHP   1. {main}() /home/ubuntu/workspace/php/15/bbs.php:0
[30-Jun-2017 22:43:11 Asia/Tokyo] PHP Warning:  Invalid argument supplied for foreach() in /home/ubuntu/workspace/php/15/bbs.php on line 95
[30-Jun-2017 22:43:11 Asia/Tokyo] PHP Stack trace:
[30-Jun-2017 22:43:11 Asia/Tokyo] PHP   1. {main}() /home/ubuntu/workspace/php/15/bbs.php:0
[30-Jun-2017 22:43:38 Asia/Tokyo] PHP Notice:  Array to string conversion in /home/ubuntu/workspace/php/15/bbs.php on line 51
[30-Jun-2017 22:43:38 Asia/Tokyo] PHP Stack trace:
[30-Jun-2017 22:43:38 Asia/Tokyo] PHP   1. {main}() /home/ubuntu/workspace/php/15/bbs.php:0
[30-Jun-2017 22:43:38 Asia/Tokyo] PHP   2. PDOStatement->bindValue() /home/ubuntu/workspace/php/15/bbs.php:51
[30-Jun-2017 22:43:38 Asia/Tokyo] PHP Notice:  Array to string conversion in /home/ubuntu/workspace/php/15/bbs.php on line 52
[30-Jun-2017 22:43:38 Asia/Tokyo] PHP Stack trace:
[30-Jun-2017 22:43:38 Asia/Tokyo] PHP   1. {main}() /home/ubuntu/workspace/php/15/bbs.php:0
[30-Jun-2017 22:43:38 Asia/Tokyo] PHP   2. PDOStatement->bindValue() /home/ubuntu/workspace/php/15/bbs.php:52
[30-Jun-2017 22:43:38 Asia/Tokyo] PHP Notice:  Undefined variable: create_datetime in /home/ubuntu/workspace/php/15/bbs.php on line 53
[30-Jun-2017 22:43:38 Asia/Tokyo] PHP Stack trace:
[30-Jun-2017 22:43:38 Asia/Tokyo] PHP   1. {main}() /home/ubuntu/workspace/php/15/bbs.php:0
[30-Jun-2017 22:43:38 Asia/Tokyo] PHP Notice:  Undefined variable: rows in /home/ubuntu/workspace/php/15/bbs.php on line 95
[30-Jun-2017 22:43:38 Asia/Tokyo] PHP Stack trace:
[30-Jun-2017 22:43:38 Asia/Tokyo] PHP   1. {main}() /home/ubuntu/workspace/php/15/bbs.php:0
[30-Jun-2017 22:43:38 Asia/Tokyo] PHP Warning:  Invalid argument supplied for foreach() in /home/ubuntu/workspace/php/15/bbs.php on line 95
[30-Jun-2017 22:43:38 Asia/Tokyo] PHP Stack trace:
[30-Jun-2017 22:43:38 Asia/Tokyo] PHP   1. {main}() /home/ubuntu/workspace/php/15/bbs.php:0
[30-Jun-2017 22:47:17 Asia/Tokyo] PHP Notice:  Array to string conversion in /home/ubuntu/workspace/php/15/bbs.php on line 51
[30-Jun-2017 22:47:17 Asia/Tokyo] PHP Stack trace:
[30-Jun-2017 22:47:17 Asia/Tokyo] PHP   1. {main}() /home/ubuntu/workspace/php/15/bbs.php:0
[30-Jun-2017 22:47:17 Asia/Tokyo] PHP   2. PDOStatement->bindValue() /home/ubuntu/workspace/php/15/bbs.php:51
[30-Jun-2017 22:47:17 Asia/Tokyo] PHP Notice:  Array to string conversion in /home/ubuntu/workspace/php/15/bbs.php on line 52
[30-Jun-2017 22:47:17 Asia/Tokyo] PHP Stack trace:
[30-Jun-2017 22:47:17 Asia/Tokyo] PHP   1. {main}() /home/ubuntu/workspace/php/15/bbs.php:0
[30-Jun-2017 22:47:17 Asia/Tokyo] PHP   2. PDOStatement->bindValue() /home/ubuntu/workspace/php/15/bbs.php:52
[30-Jun-2017 22:47:17 Asia/Tokyo] PHP Notice:  Undefined variable: create_datetime in /home/ubuntu/workspace/php/15/bbs.php on line 53
[30-Jun-2017 22:47:17 Asia/Tokyo] PHP Stack trace:
[30-Jun-2017 22:47:17 Asia/Tokyo] PHP   1. {main}() /home/ubuntu/workspace/php/15/bbs.php:0
[30-Jun-2017 22:47:17 Asia/Tokyo] PHP Notice:  Undefined variable: rows in /home/ubuntu/workspace/php/15/bbs.php on line 95
[30-Jun-2017 22:47:17 Asia/Tokyo] PHP Stack trace:
[30-Jun-2017 22:47:17 Asia/Tokyo] PHP   1. {main}() /home/ubuntu/workspace/php/15/bbs.php:0
[30-Jun-2017 22:47:17 Asia/Tokyo] PHP Warning:  Invalid argument supplied for foreach() in /home/ubuntu/workspace/php/15/bbs.php on line 95
[30-Jun-2017 22:47:17 Asia/Tokyo] PHP Stack trace:
[30-Jun-2017 22:47:17 Asia/Tokyo] PHP   1. {main}() /home/ubuntu/workspace/php/15/bbs.php:0
[30-Jun-2017 22:47:18 Asia/Tokyo] PHP Notice:  Array to string conversion in /home/ubuntu/workspace/php/15/bbs.php on line 51
[30-Jun-2017 22:47:18 Asia/Tokyo] PHP Stack trace:
[30-Jun-2017 22:47:18 Asia/Tokyo] PHP   1. {main}() /home/ubuntu/workspace/php/15/bbs.php:0
[30-Jun-2017 22:47:18 Asia/Tokyo] PHP   2. PDOStatement->bindValue() /home/ubuntu/workspace/php/15/bbs.php:51
[30-Jun-2017 22:47:18 Asia/Tokyo] PHP Notice:  Array to string conversion in /home/ubuntu/workspace/php/15/bbs.php on line 52
[30-Jun-2017 22:47:18 Asia/Tokyo] PHP Stack trace:
[30-Jun-2017 22:47:18 Asia/Tokyo] PHP   1. {main}() /home/ubuntu/workspace/php/15/bbs.php:0
[30-Jun-2017 22:47:18 Asia/Tokyo] PHP   2. PDOStatement->bindValue() /home/ubuntu/workspace/php/15/bbs.php:52
[30-Jun-2017 22:47:18 Asia/Tokyo] PHP Notice:  Undefined variable: create_datetime in /home/ubuntu/workspace/php/15/bbs.php on line 53
[30-Jun-2017 22:47:18 Asia/Tokyo] PHP Stack trace:
[30-Jun-2017 22:47:18 Asia/Tokyo] PHP   1. {main}() /home/ubuntu/workspace/php/15/bbs.php:0
[30-Jun-2017 22:47:18 Asia/Tokyo] PHP Notice:  Undefined variable: rows in /home/ubuntu/workspace/php/15/bbs.php on line 95
[30-Jun-2017 22:47:18 Asia/Tokyo] PHP Stack trace:
[30-Jun-2017 22:47:18 Asia/Tokyo] PHP   1. {main}() /home/ubuntu/workspace/php/15/bbs.php:0
[30-Jun-2017 22:47:18 Asia/Tokyo] PHP Warning:  Invalid argument supplied for foreach() in /home/ubuntu/workspace/php/15/bbs.php on line 95
[30-Jun-2017 22:47:18 Asia/Tokyo] PHP Stack trace:
[30-Jun-2017 22:47:18 Asia/Tokyo] PHP   1. {main}() /home/ubuntu/workspace/php/15/bbs.php:0
[30-Jun-2017 22:47:22 Asia/Tokyo] PHP Notice:  Array to string conversion in /home/ubuntu/workspace/php/15/bbs.php on line 51
[30-Jun-2017 22:47:22 Asia/Tokyo] PHP Stack trace:
[30-Jun-2017 22:47:22 Asia/Tokyo] PHP   1. {main}() /home/ubuntu/workspace/php/15/bbs.php:0
[30-Jun-2017 22:47:22 Asia/Tokyo] PHP   2. PDOStatement->bindValue() /home/ubuntu/workspace/php/15/bbs.php:51
[30-Jun-2017 22:47:22 Asia/Tokyo] PHP Notice:  Array to string conversion in /home/ubuntu/workspace/php/15/bbs.php on line 52
[30-Jun-2017 22:47:22 Asia/Tokyo] PHP Stack trace:
[30-Jun-2017 22:47:22 Asia/Tokyo] PHP   1. {main}() /home/ubuntu/workspace/php/15/bbs.php:0
[30-Jun-2017 22:47:22 Asia/Tokyo] PHP   2. PDOStatement->bindValue() /home/ubuntu/workspace/php/15/bbs.php:52
[30-Jun-2017 22:47:22 Asia/Tokyo] PHP Notice:  Undefined variable: create_datetime in /home/ubuntu/workspace/php/15/bbs.php on line 53
[30-Jun-2017 22:47:22 Asia/Tokyo] PHP Stack trace:
[30-Jun-2017 22:47:22 Asia/Tokyo] PHP   1. {main}() /home/ubuntu/workspace/php/15/bbs.php:0
[30-Jun-2017 22:47:22 Asia/Tokyo] PHP Notice:  Undefined variable: rows in /home/ubuntu/workspace/php/15/bbs.php on line 95
[30-Jun-2017 22:47:22 Asia/Tokyo] PHP Stack trace:
[30-Jun-2017 22:47:22 Asia/Tokyo] PHP   1. {main}() /home/ubuntu/workspace/php/15/bbs.php:0
[30-Jun-2017 22:47:22 Asia/Tokyo] PHP Warning:  Invalid argument supplied for foreach() in /home/ubuntu/workspace/php/15/bbs.php on line 95
[30-Jun-2017 22:47:22 Asia/Tokyo] PHP Stack trace:
[30-Jun-2017 22:47:22 Asia/Tokyo] PHP   1. {main}() /home/ubuntu/workspace/php/15/bbs.php:0
[30-Jun-2017 22:56:01 Asia/Tokyo] PHP Notice:  Array to string conversion in /home/ubuntu/workspace/php/15/bbs.php on line 51
[30-Jun-2017 22:56:01 Asia/Tokyo] PHP Stack trace:
[30-Jun-2017 22:56:01 Asia/Tokyo] PHP   1. {main}() /home/ubuntu/workspace/php/15/bbs.php:0
[30-Jun-2017 22:56:01 Asia/Tokyo] PHP   2. PDOStatement->bindValue() /home/ubuntu/workspace/php/15/bbs.php:51
[30-Jun-2017 22:56:01 Asia/Tokyo] PHP Notice:  Array to string conversion in /home/ubuntu/workspace/php/15/bbs.php on line 52
[30-Jun-2017 22:56:01 Asia/Tokyo] PHP Stack trace:
[30-Jun-2017 22:56:01 Asia/Tokyo] PHP   1. {main}() /home/ubuntu/workspace/php/15/bbs.php:0
[30-Jun-2017 22:56:01 Asia/Tokyo] PHP   2. PDOStatement->bindValue() /home/ubuntu/workspace/php/15/bbs.php:52
[30-Jun-2017 22:56:01 Asia/Tokyo] PHP Notice:  Undefined variable: create_datetime in /home/ubuntu/workspace/php/15/bbs.php on line 53
[30-Jun-2017 22:56:01 Asia/Tokyo] PHP Stack trace:
[30-Jun-2017 22:56:01 Asia/Tokyo] PHP   1. {main}() /home/ubuntu/workspace/php/15/bbs.php:0
[30-Jun-2017 22:56:01 Asia/Tokyo] PHP Notice:  Undefined variable: rows in /home/ubuntu/workspace/php/15/bbs.php on line 96
[30-Jun-2017 22:56:01 Asia/Tokyo] PHP Stack trace:
[30-Jun-2017 22:56:01 Asia/Tokyo] PHP   1. {main}() /home/ubuntu/workspace/php/15/bbs.php:0
[30-Jun-2017 22:56:01 Asia/Tokyo] PHP Warning:  Invalid argument supplied for foreach() in /home/ubuntu/workspace/php/15/bbs.php on line 96
[30-Jun-2017 22:56:01 Asia/Tokyo] PHP Stack trace:
[30-Jun-2017 22:56:01 Asia/Tokyo] PHP   1. {main}() /home/ubuntu/workspace/php/15/bbs.php:0
[30-Jun-2017 22:57:30 Asia/Tokyo] PHP Notice:  Array to string conversion in /home/ubuntu/workspace/php/15/bbs.php on line 51
[30-Jun-2017 22:57:30 Asia/Tokyo] PHP Stack trace:
[30-Jun-2017 22:57:30 Asia/Tokyo] PHP   1. {main}() /home/ubuntu/workspace/php/15/bbs.php:0
[30-Jun-2017 22:57:30 Asia/Tokyo] PHP   2. PDOStatement->bindValue() /home/ubuntu/workspace/php/15/bbs.php:51
[30-Jun-2017 22:57:30 Asia/Tokyo] PHP Notice:  Array to string conversion in /home/ubuntu/workspace/php/15/bbs.php on line 52
[30-Jun-2017 22:57:30 Asia/Tokyo] PHP Stack trace:
[30-Jun-2017 22:57:30 Asia/Tokyo] PHP   1. {main}() /home/ubuntu/workspace/php/15/bbs.php:0
[30-Jun-2017 22:57:30 Asia/Tokyo] PHP   2. PDOStatement->bindValue() /home/ubuntu/workspace/php/15/bbs.php:52
[30-Jun-2017 22:57:30 Asia/Tokyo] PHP Notice:  Undefined variable: create_datetime in /home/ubuntu/workspace/php/15/bbs.php on line 53
[30-Jun-2017 22:57:30 Asia/Tokyo] PHP Stack trace:
[30-Jun-2017 22:57:30 Asia/Tokyo] PHP   1. {main}() /home/ubuntu/workspace/php/15/bbs.php:0
[30-Jun-2017 22:57:30 Asia/Tokyo] PHP Notice:  Undefined variable: rows in /home/ubuntu/workspace/php/15/bbs.php on line 96
[30-Jun-2017 22:57:30 Asia/Tokyo] PHP Stack trace:
[30-Jun-2017 22:57:30 Asia/Tokyo] PHP   1. {main}() /home/ubuntu/workspace/php/15/bbs.php:0
[30-Jun-2017 22:57:30 Asia/Tokyo] PHP Warning:  Invalid argument supplied for foreach() in /home/ubuntu/workspace/php/15/bbs.php on line 96
[30-Jun-2017 22:57:30 Asia/Tokyo] PHP Stack trace:
[30-Jun-2017 22:57:30 Asia/Tokyo] PHP   1. {main}() /home/ubuntu/workspace/php/15/bbs.php:0
[01-Jul-2017 10:28:20 Asia/Tokyo] PHP Parse error:  syntax error, unexpected '' (T_STRING) in /home/ubuntu/workspace/php/16/manage.php on line 55
[01-Jul-2017 10:36:36 Asia/Tokyo] PHP Notice:  Undefined variable: data in /home/ubuntu/workspace/php/15/bbs.php on line 97
[01-Jul-2017 10:36:36 Asia/Tokyo] PHP Stack trace:
[01-Jul-2017 10:36:36 Asia/Tokyo] PHP   1. {main}() /home/ubuntu/workspace/php/15/bbs.php:0
[01-Jul-2017 10:36:36 Asia/Tokyo] PHP Warning:  Invalid argument supplied for foreach() in /home/ubuntu/workspace/php/15/bbs.php on line 97
[01-Jul-2017 10:36:36 Asia/Tokyo] PHP Stack trace:
[01-Jul-2017 10:36:36 Asia/Tokyo] PHP   1. {main}() /home/ubuntu/workspace/php/15/bbs.php:0
[01-Jul-2017 10:36:58 Asia/Tokyo] PHP Notice:  Undefined variable: create_datetime in /home/ubuntu/workspace/php/15/bbs.php on line 54
[01-Jul-2017 10:36:58 Asia/Tokyo] PHP Stack trace:
[01-Jul-2017 10:36:58 Asia/Tokyo] PHP   1. {main}() /home/ubuntu/workspace/php/15/bbs.php:0
[01-Jul-2017 10:36:58 Asia/Tokyo] PHP Notice:  Undefined variable: rows in /home/ubuntu/workspace/php/15/bbs.php on line 97
[01-Jul-2017 10:36:58 Asia/Tokyo] PHP Stack trace:
[01-Jul-2017 10:36:58 Asia/Tokyo] PHP   1. {main}() /home/ubuntu/workspace/php/15/bbs.php:0
[01-Jul-2017 10:36:58 Asia/Tokyo] PHP Warning:  Invalid argument supplied for foreach() in /home/ubuntu/workspace/php/15/bbs.php on line 97
[01-Jul-2017 10:36:58 Asia/Tokyo] PHP Stack trace:
[01-Jul-2017 10:36:58 Asia/Tokyo] PHP   1. {main}() /home/ubuntu/workspace/php/15/bbs.php:0
[01-Jul-2017 10:42:24 Asia/Tokyo] PHP Notice:  Undefined index: now_date in /home/ubuntu/workspace/php/15/bbs.php on line 104
[01-Jul-2017 10:42:24 Asia/Tokyo] PHP Stack trace:
[01-Jul-2017 10:42:24 Asia/Tokyo] PHP   1. {main}() /home/ubuntu/workspace/php/15/bbs.php:0
[01-Jul-2017 10:42:24 Asia/Tokyo] PHP Notice:  Undefined index: now_date in /home/ubuntu/workspace/php/15/bbs.php on line 104
[01-Jul-2017 10:42:24 Asia/Tokyo] PHP Stack trace:
[01-Jul-2017 10:42:24 Asia/Tokyo] PHP   1. {main}() /home/ubuntu/workspace/php/15/bbs.php:0
[01-Jul-2017 10:42:24 Asia/Tokyo] PHP Notice:  Undefined index: now_date in /home/ubuntu/workspace/php/15/bbs.php on line 104
[01-Jul-2017 10:42:24 Asia/Tokyo] PHP Stack trace:
[01-Jul-2017 10:42:24 Asia/Tokyo] PHP   1. {main}() /home/ubuntu/workspace/php/15/bbs.php:0
[01-Jul-2017 10:42:24 Asia/Tokyo] PHP Notice:  Undefined index: now_date in /home/ubuntu/workspace/php/15/bbs.php on line 104
[01-Jul-2017 10:42:24 Asia/Tokyo] PHP Stack trace:
[01-Jul-2017 10:42:24 Asia/Tokyo] PHP   1. {main}() /home/ubuntu/workspace/php/15/bbs.php:0
[01-Jul-2017 10:42:24 Asia/Tokyo] PHP Notice:  Undefined index: now_date in /home/ubuntu/workspace/php/15/bbs.php on line 104
[01-Jul-2017 10:42:24 Asia/Tokyo] PHP Stack trace:
[01-Jul-2017 10:42:24 Asia/Tokyo] PHP   1. {main}() /home/ubuntu/workspace/php/15/bbs.php:0
[01-Jul-2017 10:59:45 Asia/Tokyo] PHP Notice:  Array to string conversion in /home/ubuntu/workspace/php/15/bbs.php on line 56
[01-Jul-2017 10:59:45 Asia/Tokyo] PHP Stack trace:
[01-Jul-2017 10:59:45 Asia/Tokyo] PHP   1. {main}() /home/ubuntu/workspace/php/15/bbs.php:0
[01-Jul-2017 10:59:45 Asia/Tokyo] PHP   2. PDOStatement->bindValue() /home/ubuntu/workspace/php/15/bbs.php:56
[01-Jul-2017 10:59:45 Asia/Tokyo] PHP Notice:  Array to string conversion in /home/ubuntu/workspace/php/15/bbs.php on line 57
[01-Jul-2017 10:59:45 Asia/Tokyo] PHP Stack trace:
[01-Jul-2017 10:59:45 Asia/Tokyo] PHP   1. {main}() /home/ubuntu/workspace/php/15/bbs.php:0
[01-Jul-2017 10:59:45 Asia/Tokyo] PHP   2. PDOStatement->bindValue() /home/ubuntu/workspace/php/15/bbs.php:57
[01-Jul-2017 11:06:08 Asia/Tokyo] PHP Notice:  Array to string conversion in /home/ubuntu/workspace/php/15/bbs.php on line 105
[01-Jul-2017 11:06:08 Asia/Tokyo] PHP Stack trace:
[01-Jul-2017 11:06:08 Asia/Tokyo] PHP   1. {main}() /home/ubuntu/workspace/php/15/bbs.php:0
[01-Jul-2017 11:06:08 Asia/Tokyo] PHP Notice:  Array to string conversion in /home/ubuntu/workspace/php/15/bbs.php on line 105
[01-Jul-2017 11:06:08 Asia/Tokyo] PHP Stack trace:
[01-Jul-2017 11:06:08 Asia/Tokyo] PHP   1. {main}() /home/ubuntu/workspace/php/15/bbs.php:0
[01-Jul-2017 11:06:08 Asia/Tokyo] PHP Notice:  Array to string conversion in /home/ubuntu/workspace/php/15/bbs.php on line 105
[01-Jul-2017 11:06:08 Asia/Tokyo] PHP Stack trace:
[01-Jul-2017 11:06:08 Asia/Tokyo] PHP   1. {main}() /home/ubuntu/workspace/php/15/bbs.php:0
[01-Jul-2017 11:06:08 Asia/Tokyo] PHP Notice:  Array to string conversion in /home/ubuntu/workspace/php/15/bbs.php on line 105
[01-Jul-2017 11:06:08 Asia/Tokyo] PHP Stack trace:
[01-Jul-2017 11:06:08 Asia/Tokyo] PHP   1. {main}() /home/ubuntu/workspace/php/15/bbs.php:0
[01-Jul-2017 11:06:08 Asia/Tokyo] PHP Notice:  Array to string conversion in /home/ubuntu/workspace/php/15/bbs.php on line 105
[01-Jul-2017 11:06:08 Asia/Tokyo] PHP Stack trace:
[01-Jul-2017 11:06:08 Asia/Tokyo] PHP   1. {main}() /home/ubuntu/workspace/php/15/bbs.php:0
[01-Jul-2017 11:06:08 Asia/Tokyo] PHP Notice:  Array to string conversion in /home/ubuntu/workspace/php/15/bbs.php on line 105
[01-Jul-2017 11:06:08 Asia/Tokyo] PHP Stack trace:
[01-Jul-2017 11:06:08 Asia/Tokyo] PHP   1. {main}() /home/ubuntu/workspace/php/15/bbs.php:0
[01-Jul-2017 11:06:08 Asia/Tokyo] PHP Notice:  Array to string conversion in /home/ubuntu/workspace/php/15/bbs.php on line 105
[01-Jul-2017 11:06:08 Asia/Tokyo] PHP Stack trace:
[01-Jul-2017 11:06:08 Asia/Tokyo] PHP   1. {main}() /home/ubuntu/workspace/php/15/bbs.php:0
[01-Jul-2017 11:06:20 Asia/Tokyo] PHP Notice:  Array to string conversion in /home/ubuntu/workspace/php/15/bbs.php on line 105
[01-Jul-2017 11:06:20 Asia/Tokyo] PHP Stack trace:
[01-Jul-2017 11:06:20 Asia/Tokyo] PHP   1. {main}() /home/ubuntu/workspace/php/15/bbs.php:0
[01-Jul-2017 11:06:20 Asia/Tokyo] PHP Notice:  Array to string conversion in /home/ubuntu/workspace/php/15/bbs.php on line 105
[01-Jul-2017 11:06:20 Asia/Tokyo] PHP Stack trace:
[01-Jul-2017 11:06:20 Asia/Tokyo] PHP   1. {main}() /home/ubuntu/workspace/php/15/bbs.php:0
[01-Jul-2017 11:06:20 Asia/Tokyo] PHP Notice:  Array to string conversion in /home/ubuntu/workspace/php/15/bbs.php on line 105
[01-Jul-2017 11:06:20 Asia/Tokyo] PHP Stack trace:
[01-Jul-2017 11:06:20 Asia/Tokyo] PHP   1. {main}() /home/ubuntu/workspace/php/15/bbs.php:0
[01-Jul-2017 11:06:20 Asia/Tokyo] PHP Notice:  Array to string conversion in /home/ubuntu/workspace/php/15/bbs.php on line 105
[01-Jul-2017 11:06:20 Asia/Tokyo] PHP Stack trace:
[01-Jul-2017 11:06:20 Asia/Tokyo] PHP   1. {main}() /home/ubuntu/workspace/php/15/bbs.php:0
[01-Jul-2017 11:06:20 Asia/Tokyo] PHP Notice:  Array to string conversion in /home/ubuntu/workspace/php/15/bbs.php on line 105
[01-Jul-2017 11:06:20 Asia/Tokyo] PHP Stack trace:
[01-Jul-2017 11:06:20 Asia/Tokyo] PHP   1. {main}() /home/ubuntu/workspace/php/15/bbs.php:0
[01-Jul-2017 11:06:20 Asia/Tokyo] PHP Notice:  Array to string conversion in /home/ubuntu/workspace/php/15/bbs.php on line 105
[01-Jul-2017 11:06:20 Asia/Tokyo] PHP Stack trace:
[01-Jul-2017 11:06:20 Asia/Tokyo] PHP   1. {main}() /home/ubuntu/workspace/php/15/bbs.php:0
[01-Jul-2017 11:06:20 Asia/Tokyo] PHP Notice:  Array to string conversion in /home/ubuntu/workspace/php/15/bbs.php on line 105
[01-Jul-2017 11:06:20 Asia/Tokyo] PHP Stack trace:
[01-Jul-2017 11:06:20 Asia/Tokyo] PHP   1. {main}() /home/ubuntu/workspace/php/15/bbs.php:0
[01-Jul-2017 18:27:16 Asia/Tokyo] PHP Parse error:  syntax error, unexpected '' (T_STRING) in /home/ubuntu/workspace/php/16/manage.php on line 55
[01-Jul-2017 18:49:11 Asia/Tokyo] PHP Parse error:  syntax error, unexpected '' (T_STRING) in /home/ubuntu/workspace/php/16/manage.php on line 55
[02-Jul-2017 08:55:36 Asia/Tokyo] PHP Fatal error:  Call to undefined function newPDO() in /home/ubuntu/workspace/php/16/transaction.php on line 19
[02-Jul-2017 08:55:36 Asia/Tokyo] PHP Stack trace:
[02-Jul-2017 08:55:36 Asia/Tokyo] PHP   1. {main}() /home/ubuntu/workspace/php/16/transaction.php:0
[02-Jul-2017 08:57:32 Asia/Tokyo] PHP Notice:  Undefined variable: dbn in /home/ubuntu/workspace/php/16/transaction.php on line 19
[02-Jul-2017 08:57:32 Asia/Tokyo] PHP Stack trace:
[02-Jul-2017 08:57:32 Asia/Tokyo] PHP   1. {main}() /home/ubuntu/workspace/php/16/transaction.php:0
[02-Jul-2017 08:57:50 Asia/Tokyo] PHP Notice:  Undefined variable: dbn in /home/ubuntu/workspace/php/16/transaction.php on line 19
[02-Jul-2017 08:57:50 Asia/Tokyo] PHP Stack trace:
[02-Jul-2017 08:57:50 Asia/Tokyo] PHP   1. {main}() /home/ubuntu/workspace/php/16/transaction.php:0
[02-Jul-2017 08:59:17 Asia/Tokyo] PHP Notice:  Undefined variable: dbn in /home/ubuntu/workspace/php/16/transaction.php on line 19
[02-Jul-2017 08:59:17 Asia/Tokyo] PHP Stack trace:
[02-Jul-2017 08:59:17 Asia/Tokyo] PHP   1. {main}() /home/ubuntu/workspace/php/16/transaction.php:0
[02-Jul-2017 12:39:38 Asia/Tokyo] PHP Fatal error:  Undefined class constant 'PARMA_INT' in /home/ubuntu/workspace/php/16/manage2.php on line 161
[02-Jul-2017 12:39:38 Asia/Tokyo] PHP Stack trace:
[02-Jul-2017 12:39:38 Asia/Tokyo] PHP   1. {main}() /home/ubuntu/workspace/php/16/manage2.php:0
[02-Jul-2017 12:41:06 Asia/Tokyo] PHP Fatal error:  Undefined class constant 'PARMA_INT' in /home/ubuntu/workspace/php/16/manage2.php on line 161
[02-Jul-2017 12:41:06 Asia/Tokyo] PHP Stack trace:
[02-Jul-2017 12:41:06 Asia/Tokyo] PHP   1. {main}() /home/ubuntu/workspace/php/16/manage2.php:0
[02-Jul-2017 12:44:16 Asia/Tokyo] PHP Fatal error:  Undefined class constant 'PARMA_INT' in /home/ubuntu/workspace/php/16/manage2.php on line 161
[02-Jul-2017 12:44:16 Asia/Tokyo] PHP Stack trace:
[02-Jul-2017 12:44:16 Asia/Tokyo] PHP   1. {main}() /home/ubuntu/workspace/php/16/manage2.php:0
[02-Jul-2017 12:51:54 Asia/Tokyo] PHP Notice:  Undefined variable: now_data in /home/ubuntu/workspace/php/16/manage2.php on line 162
[02-Jul-2017 12:51:54 Asia/Tokyo] PHP Stack trace:
[02-Jul-2017 12:51:54 Asia/Tokyo] PHP   1. {main}() /home/ubuntu/workspace/php/16/manage2.php:0
[02-Jul-2017 12:53:36 Asia/Tokyo] PHP Notice:  Undefined variable: now_date in /home/ubuntu/workspace/php/16/manage2.php on line 162
[02-Jul-2017 12:53:36 Asia/Tokyo] PHP Stack trace:
[02-Jul-2017 12:53:36 Asia/Tokyo] PHP   1. {main}() /home/ubuntu/workspace/php/16/manage2.php:0
[02-Jul-2017 12:53:43 Asia/Tokyo] PHP Notice:  Undefined variable: now_date in /home/ubuntu/workspace/php/16/manage2.php on line 162
[02-Jul-2017 12:53:43 Asia/Tokyo] PHP Stack trace:
[02-Jul-2017 12:53:43 Asia/Tokyo] PHP   1. {main}() /home/ubuntu/workspace/php/16/manage2.php:0
[02-Jul-2017 12:56:14 Asia/Tokyo] PHP Notice:  Undefined variable: now_date in /home/ubuntu/workspace/php/16/manage2.php on line 162
[02-Jul-2017 12:56:14 Asia/Tokyo] PHP Stack trace:
[02-Jul-2017 12:56:14 Asia/Tokyo] PHP   1. {main}() /home/ubuntu/workspace/php/16/manage2.php:0
[02-Jul-2017 13:05:53 Asia/Tokyo] PHP Notice:  Undefined variable: now_date in /home/ubuntu/workspace/php/16/manage2.php on line 162
[02-Jul-2017 13:05:53 Asia/Tokyo] PHP Stack trace:
[02-Jul-2017 13:05:53 Asia/Tokyo] PHP   1. {main}() /home/ubuntu/workspace/php/16/manage2.php:0
[02-Jul-2017 13:06:01 Asia/Tokyo] PHP Notice:  Undefined variable: now_date in /home/ubuntu/workspace/php/16/manage2.php on line 162
[02-Jul-2017 13:06:01 Asia/Tokyo] PHP Stack trace:
[02-Jul-2017 13:06:01 Asia/Tokyo] PHP   1. {main}() /home/ubuntu/workspace/php/16/manage2.php:0
[02-Jul-2017 13:14:08 Asia/Tokyo] PHP Notice:  Undefined variable: now_date in /home/ubuntu/workspace/php/16/manage2.php on line 162
[02-Jul-2017 13:14:08 Asia/Tokyo] PHP Stack trace:
[02-Jul-2017 13:14:08 Asia/Tokyo] PHP   1. {main}() /home/ubuntu/workspace/php/16/manage2.php:0
[02-Jul-2017 17:06:49 Asia/Tokyo] PHP Notice:  Undefined index: email in /home/ubuntu/workspace/php/18/validation.php on line 10
[02-Jul-2017 17:06:49 Asia/Tokyo] PHP Stack trace:
[02-Jul-2017 17:06:49 Asia/Tokyo] PHP   1. {main}() /home/ubuntu/workspace/php/18/validation.php:0
[02-Jul-2017 17:06:49 Asia/Tokyo] PHP Notice:  Undefined index: tel in /home/ubuntu/workspace/php/18/validation.php on line 23
[02-Jul-2017 17:06:49 Asia/Tokyo] PHP Stack trace:
[02-Jul-2017 17:06:49 Asia/Tokyo] PHP   1. {main}() /home/ubuntu/workspace/php/18/validation.php:0
[02-Jul-2017 17:32:43 Asia/Tokyo] PHP Notice:  Undefined variable: userid_regex in /home/ubuntu/workspace/php/18/practice-validation.php on line 16
[02-Jul-2017 17:32:43 Asia/Tokyo] PHP Stack trace:
[02-Jul-2017 17:32:43 Asia/Tokyo] PHP   1. {main}() /home/ubuntu/workspace/php/18/practice-validation.php:0
[02-Jul-2017 17:32:43 Asia/Tokyo] PHP Warning:  preg_match(): Empty regular expression in /home/ubuntu/workspace/php/18/practice-validation.php on line 16
[02-Jul-2017 17:32:43 Asia/Tokyo] PHP Stack trace:
[02-Jul-2017 17:32:43 Asia/Tokyo] PHP   1. {main}() /home/ubuntu/workspace/php/18/practice-validation.php:0
[02-Jul-2017 17:32:43 Asia/Tokyo] PHP   2. preg_match() /home/ubuntu/workspace/php/18/practice-validation.php:16
[02-Jul-2017 17:32:43 Asia/Tokyo] PHP Notice:  Undefined variable: age_regex in /home/ubuntu/workspace/php/18/practice-validation.php on line 29
[02-Jul-2017 17:32:43 Asia/Tokyo] PHP Stack trace:
[02-Jul-2017 17:32:43 Asia/Tokyo] PHP   1. {main}() /home/ubuntu/workspace/php/18/practice-validation.php:0
[02-Jul-2017 17:32:43 Asia/Tokyo] PHP Warning:  preg_match(): Empty regular expression in /home/ubuntu/workspace/php/18/practice-validation.php on line 29
[02-Jul-2017 17:32:43 Asia/Tokyo] PHP Stack trace:
[02-Jul-2017 17:32:43 Asia/Tokyo] PHP   1. {main}() /home/ubuntu/workspace/php/18/practice-validation.php:0
[02-Jul-2017 17:32:43 Asia/Tokyo] PHP   2. preg_match() /home/ubuntu/workspace/php/18/practice-validation.php:29
[02-Jul-2017 17:42:19 Asia/Tokyo] PHP Notice:  Undefined index: userid in /home/ubuntu/workspace/php/18/practice-validation.php on line 10
[02-Jul-2017 17:42:19 Asia/Tokyo] PHP Stack trace:
[02-Jul-2017 17:42:19 Asia/Tokyo] PHP   1. {main}() /home/ubuntu/workspace/php/18/practice-validation.php:0
[02-Jul-2017 17:42:19 Asia/Tokyo] PHP Notice:  Undefined variable: pattern in /home/ubuntu/workspace/php/18/practice-validation.php on line 16
[02-Jul-2017 17:42:19 Asia/Tokyo] PHP Stack trace:
[02-Jul-2017 17:42:19 Asia/Tokyo] PHP   1. {main}() /home/ubuntu/workspace/php/18/practice-validation.php:0
[02-Jul-2017 17:42:19 Asia/Tokyo] PHP Warning:  preg_match(): Empty regular expression in /home/ubuntu/workspace/php/18/practice-validation.php on line 16
[02-Jul-2017 17:42:19 Asia/Tokyo] PHP Stack trace:
[02-Jul-2017 17:42:19 Asia/Tokyo] PHP   1. {main}() /home/ubuntu/workspace/php/18/practice-validation.php:0
[02-Jul-2017 17:42:19 Asia/Tokyo] PHP   2. preg_match() /home/ubuntu/workspace/php/18/practice-validation.php:16
[02-Jul-2017 17:42:19 Asia/Tokyo] PHP Notice:  Undefined index: age in /home/ubuntu/workspace/php/18/practice-validation.php on line 23
[02-Jul-2017 17:42:19 Asia/Tokyo] PHP Stack trace:
[02-Jul-2017 17:42:19 Asia/Tokyo] PHP   1. {main}() /home/ubuntu/workspace/php/18/practice-validation.php:0
[02-Jul-2017 17:42:19 Asia/Tokyo] PHP Notice:  Undefined variable: pattern in /home/ubuntu/workspace/php/18/practice-validation.php on line 29
[02-Jul-2017 17:42:19 Asia/Tokyo] PHP Stack trace:
[02-Jul-2017 17:42:19 Asia/Tokyo] PHP   1. {main}() /home/ubuntu/workspace/php/18/practice-validation.php:0
[02-Jul-2017 17:42:19 Asia/Tokyo] PHP Warning:  preg_match(): Empty regular expression in /home/ubuntu/workspace/php/18/practice-validation.php on line 29
[02-Jul-2017 17:42:19 Asia/Tokyo] PHP Stack trace:
[02-Jul-2017 17:42:19 Asia/Tokyo] PHP   1. {main}() /home/ubuntu/workspace/php/18/practice-validation.php:0
[02-Jul-2017 17:42:19 Asia/Tokyo] PHP   2. preg_match() /home/ubuntu/workspace/php/18/practice-validation.php:29
[02-Jul-2017 17:42:19 Asia/Tokyo] PHP Notice:  Undefined index: email in /home/ubuntu/workspace/php/18/practice-validation.php on line 36
[02-Jul-2017 17:42:19 Asia/Tokyo] PHP Stack trace:
[02-Jul-2017 17:42:19 Asia/Tokyo] PHP   1. {main}() /home/ubuntu/workspace/php/18/practice-validation.php:0
[02-Jul-2017 17:42:19 Asia/Tokyo] PHP Notice:  Undefined variable: pattern in /home/ubuntu/workspace/php/18/practice-validation.php on line 42
[02-Jul-2017 17:42:19 Asia/Tokyo] PHP Stack trace:
[02-Jul-2017 17:42:19 Asia/Tokyo] PHP   1. {main}() /home/ubuntu/workspace/php/18/practice-validation.php:0
[02-Jul-2017 17:42:19 Asia/Tokyo] PHP Warning:  preg_match(): Empty regular expression in /home/ubuntu/workspace/php/18/practice-validation.php on line 42
[02-Jul-2017 17:42:19 Asia/Tokyo] PHP Stack trace:
[02-Jul-2017 17:42:19 Asia/Tokyo] PHP   1. {main}() /home/ubuntu/workspace/php/18/practice-validation.php:0
[02-Jul-2017 17:42:19 Asia/Tokyo] PHP   2. preg_match() /home/ubuntu/workspace/php/18/practice-validation.php:42
[02-Jul-2017 17:42:19 Asia/Tokyo] PHP Notice:  Undefined index: tel in /home/ubuntu/workspace/php/18/practice-validation.php on line 49
[02-Jul-2017 17:42:19 Asia/Tokyo] PHP Stack trace:
[02-Jul-2017 17:42:19 Asia/Tokyo] PHP   1. {main}() /home/ubuntu/workspace/php/18/practice-validation.php:0
[02-Jul-2017 17:42:19 Asia/Tokyo] PHP Notice:  Undefined variable: pattern in /home/ubuntu/workspace/php/18/practice-validation.php on line 55
[02-Jul-2017 17:42:19 Asia/Tokyo] PHP Stack trace:
[02-Jul-2017 17:42:19 Asia/Tokyo] PHP   1. {main}() /home/ubuntu/workspace/php/18/practice-validation.php:0
[02-Jul-2017 17:42:19 Asia/Tokyo] PHP Warning:  preg_match(): Empty regular expression in /home/ubuntu/workspace/php/18/practice-validation.php on line 55
[02-Jul-2017 17:42:19 Asia/Tokyo] PHP Stack trace:
[02-Jul-2017 17:42:19 Asia/Tokyo] PHP   1. {main}() /home/ubuntu/workspace/php/18/practice-validation.php:0
[02-Jul-2017 17:42:19 Asia/Tokyo] PHP   2. preg_match() /home/ubuntu/workspace/php/18/practice-validation.php:55
[02-Jul-2017 17:43:26 Asia/Tokyo] PHP Notice:  Undefined variable: pattern in /home/ubuntu/workspace/php/18/practice-validation.php on line 16
[02-Jul-2017 17:43:26 Asia/Tokyo] PHP Stack trace:
[02-Jul-2017 17:43:26 Asia/Tokyo] PHP   1. {main}() /home/ubuntu/workspace/php/18/practice-validation.php:0
[02-Jul-2017 17:43:26 Asia/Tokyo] PHP Warning:  preg_match(): Empty regular expression in /home/ubuntu/workspace/php/18/practice-validation.php on line 16
[02-Jul-2017 17:43:26 Asia/Tokyo] PHP Stack trace:
[02-Jul-2017 17:43:26 Asia/Tokyo] PHP   1. {main}() /home/ubuntu/workspace/php/18/practice-validation.php:0
[02-Jul-2017 17:43:26 Asia/Tokyo] PHP   2. preg_match() /home/ubuntu/workspace/php/18/practice-validation.php:16
[02-Jul-2017 17:43:26 Asia/Tokyo] PHP Notice:  Undefined variable: pattern in /home/ubuntu/workspace/php/18/practice-validation.php on line 29
[02-Jul-2017 17:43:26 Asia/Tokyo] PHP Stack trace:
[02-Jul-2017 17:43:26 Asia/Tokyo] PHP   1. {main}() /home/ubuntu/workspace/php/18/practice-validation.php:0
[02-Jul-2017 17:43:26 Asia/Tokyo] PHP Warning:  preg_match(): Empty regular expression in /home/ubuntu/workspace/php/18/practice-validation.php on line 29
[02-Jul-2017 17:43:26 Asia/Tokyo] PHP Stack trace:
[02-Jul-2017 17:43:26 Asia/Tokyo] PHP   1. {main}() /home/ubuntu/workspace/php/18/practice-validation.php:0
[02-Jul-2017 17:43:26 Asia/Tokyo] PHP   2. preg_match() /home/ubuntu/workspace/php/18/practice-validation.php:29
[02-Jul-2017 17:43:26 Asia/Tokyo] PHP Notice:  Undefined variable: pattern in /home/ubuntu/workspace/php/18/practice-validation.php on line 42
[02-Jul-2017 17:43:26 Asia/Tokyo] PHP Stack trace:
[02-Jul-2017 17:43:26 Asia/Tokyo] PHP   1. {main}() /home/ubuntu/workspace/php/18/practice-validation.php:0
[02-Jul-2017 17:43:26 Asia/Tokyo] PHP Warning:  preg_match(): Empty regular expression in /home/ubuntu/workspace/php/18/practice-validation.php on line 42
[02-Jul-2017 17:43:26 Asia/Tokyo] PHP Stack trace:
[02-Jul-2017 17:43:26 Asia/Tokyo] PHP   1. {main}() /home/ubuntu/workspace/php/18/practice-validation.php:0
[02-Jul-2017 17:43:26 Asia/Tokyo] PHP   2. preg_match() /home/ubuntu/workspace/php/18/practice-validation.php:42
[02-Jul-2017 17:43:26 Asia/Tokyo] PHP Notice:  Undefined variable: pattern in /home/ubuntu/workspace/php/18/practice-validation.php on line 55
[02-Jul-2017 17:43:26 Asia/Tokyo] PHP Stack trace:
[02-Jul-2017 17:43:26 Asia/Tokyo] PHP   1. {main}() /home/ubuntu/workspace/php/18/practice-validation.php:0
[02-Jul-2017 17:43:26 Asia/Tokyo] PHP Warning:  preg_match(): Empty regular expression in /home/ubuntu/workspace/php/18/practice-validation.php on line 55
[02-Jul-2017 17:43:26 Asia/Tokyo] PHP Stack trace:
[02-Jul-2017 17:43:26 Asia/Tokyo] PHP   1. {main}() /home/ubuntu/workspace/php/18/practice-validation.php:0
[02-Jul-2017 17:43:26 Asia/Tokyo] PHP   2. preg_match() /home/ubuntu/workspace/php/18/practice-validation.php:55
[02-Jul-2017 18:57:03 Asia/Tokyo] PHP Notice:  Undefined variable: dbh in /home/ubuntu/workspace/php/19/model/model.php on line 70
[02-Jul-2017 18:57:03 Asia/Tokyo] PHP Stack trace:
[02-Jul-2017 18:57:03 Asia/Tokyo] PHP   1. {main}() /home/ubuntu/workspace/php/19/controller.php:0
[02-Jul-2017 18:57:03 Asia/Tokyo] PHP   2. get_db_connect() /home/ubuntu/workspace/php/19/controller.php:12
[02-Jul-2017 18:57:03 Asia/Tokyo] PHP Fatal error:  Call to a member function prepare() on a non-object in /home/ubuntu/workspace/php/19/model/model.php on line 84
[02-Jul-2017 18:57:03 Asia/Tokyo] PHP Stack trace:
[02-Jul-2017 18:57:03 Asia/Tokyo] PHP   1. {main}() /home/ubuntu/workspace/php/19/controller.php:0
[02-Jul-2017 18:57:03 Asia/Tokyo] PHP   2. get_goods_table_list() /home/ubuntu/workspace/php/19/controller.php:15
[02-Jul-2017 18:57:03 Asia/Tokyo] PHP   3. get_as_array() /home/ubuntu/workspace/php/19/model/model.php:107
[02-Jul-2017 18:59:17 Asia/Tokyo] PHP Notice:  Undefined variable: dbh in /home/ubuntu/workspace/php/19/model/model.php on line 70
[02-Jul-2017 18:59:17 Asia/Tokyo] PHP Stack trace:
[02-Jul-2017 18:59:17 Asia/Tokyo] PHP   1. {main}() /home/ubuntu/workspace/php/19/controller.php:0
[02-Jul-2017 18:59:17 Asia/Tokyo] PHP   2. get_db_connect() /home/ubuntu/workspace/php/19/controller.php:12
[02-Jul-2017 18:59:17 Asia/Tokyo] PHP Fatal error:  Call to a member function prepare() on a non-object in /home/ubuntu/workspace/php/19/model/model.php on line 84
[02-Jul-2017 18:59:17 Asia/Tokyo] PHP Stack trace:
[02-Jul-2017 18:59:17 Asia/Tokyo] PHP   1. {main}() /home/ubuntu/workspace/php/19/controller.php:0
[02-Jul-2017 18:59:17 Asia/Tokyo] PHP   2. get_goods_table_list() /home/ubuntu/workspace/php/19/controller.php:15
[02-Jul-2017 18:59:17 Asia/Tokyo] PHP   3. get_as_array() /home/ubuntu/workspace/php/19/model/model.php:107
[02-Jul-2017 19:00:02 Asia/Tokyo] PHP Notice:  Undefined variable: dbh in /home/ubuntu/workspace/php/19/model/model.php on line 70
[02-Jul-2017 19:00:02 Asia/Tokyo] PHP Stack trace:
[02-Jul-2017 19:00:02 Asia/Tokyo] PHP   1. {main}() /home/ubuntu/workspace/php/19/controller.php:0
[02-Jul-2017 19:00:02 Asia/Tokyo] PHP   2. get_db_connect() /home/ubuntu/workspace/php/19/controller.php:12
[02-Jul-2017 19:00:02 Asia/Tokyo] PHP Fatal error:  Call to a member function prepare() on a non-object in /home/ubuntu/workspace/php/19/model/model.php on line 84
[02-Jul-2017 19:00:02 Asia/Tokyo] PHP Stack trace:
[02-Jul-2017 19:00:02 Asia/Tokyo] PHP   1. {main}() /home/ubuntu/workspace/php/19/controller.php:0
[02-Jul-2017 19:00:02 Asia/Tokyo] PHP   2. get_goods_table_list() /home/ubuntu/workspace/php/19/controller.php:15
[02-Jul-2017 19:00:02 Asia/Tokyo] PHP   3. get_as_array() /home/ubuntu/workspace/php/19/model/model.php:107
[02-Jul-2017 19:06:19 Asia/Tokyo] PHP Notice:  Undefined variable: dbh in /home/ubuntu/workspace/php/19/model/model.php on line 70
[02-Jul-2017 19:06:19 Asia/Tokyo] PHP Stack trace:
[02-Jul-2017 19:06:19 Asia/Tokyo] PHP   1. {main}() /home/ubuntu/workspace/php/19/controller.php:0
[02-Jul-2017 19:06:19 Asia/Tokyo] PHP   2. get_db_connect() /home/ubuntu/workspace/php/19/controller.php:12
[02-Jul-2017 19:06:19 Asia/Tokyo] PHP Fatal error:  Call to a member function prepare() on a non-object in /home/ubuntu/workspace/php/19/model/model.php on line 84
[02-Jul-2017 19:06:19 Asia/Tokyo] PHP Stack trace:
[02-Jul-2017 19:06:19 Asia/Tokyo] PHP   1. {main}() /home/ubuntu/workspace/php/19/controller.php:0
[02-Jul-2017 19:06:19 Asia/Tokyo] PHP   2. get_goods_table_list() /home/ubuntu/workspace/php/19/controller.php:15
[02-Jul-2017 19:06:19 Asia/Tokyo] PHP   3. get_as_array() /home/ubuntu/workspace/php/19/model/model.php:107
[02-Jul-2017 21:01:43 Asia/Tokyo] PHP Notice:  Undefined variable: now_date in /home/ubuntu/workspace/php/16/manage2.php on line 162
[02-Jul-2017 21:01:43 Asia/Tokyo] PHP Stack trace:
[02-Jul-2017 21:01:43 Asia/Tokyo] PHP   1. {main}() /home/ubuntu/workspace/php/16/manage2.php:0
[02-Jul-2017 21:06:39 Asia/Tokyo] PHP Notice:  Undefined variable: now_date in /home/ubuntu/workspace/php/16/manage2.php on line 162
[02-Jul-2017 21:06:39 Asia/Tokyo] PHP Stack trace:
[02-Jul-2017 21:06:39 Asia/Tokyo] PHP   1. {main}() /home/ubuntu/workspace/php/16/manage2.php:0
[02-Jul-2017 22:20:41 Asia/Tokyo] PHP Fatal error:  Call to undefined function get_db_connect() in /home/ubuntu/workspace/php/20/controller.php on line 11
[02-Jul-2017 22:20:41 Asia/Tokyo] PHP Stack trace:
[02-Jul-2017 22:20:41 Asia/Tokyo] PHP   1. {main}() /home/ubuntu/workspace/php/20/controller.php:0
[02-Jul-2017 23:20:56 Asia/Tokyo] PHP Notice:  Undefined variable: dbh in /home/ubuntu/workspace/php/20/model/model.php on line 68
[02-Jul-2017 23:20:56 Asia/Tokyo] PHP Stack trace:
[02-Jul-2017 23:20:56 Asia/Tokyo] PHP   1. {main}() /home/ubuntu/workspace/php/20/controller.php:0
[02-Jul-2017 23:20:56 Asia/Tokyo] PHP   2. get_db_connect() /home/ubuntu/workspace/php/20/controller.php:33
[02-Jul-2017 23:20:56 Asia/Tokyo] PHP Fatal error:  Call to a member function prepare() on a non-object in /home/ubuntu/workspace/php/20/model/model.php on line 83
[02-Jul-2017 23:20:56 Asia/Tokyo] PHP Stack trace:
[02-Jul-2017 23:20:56 Asia/Tokyo] PHP   1. {main}() /home/ubuntu/workspace/php/20/controller.php:0
[02-Jul-2017 23:20:56 Asia/Tokyo] PHP   2. get_post_list() /home/ubuntu/workspace/php/20/controller.php:55
[02-Jul-2017 23:20:56 Asia/Tokyo] PHP   3. get_as_array() /home/ubuntu/workspace/php/20/model/model.php:230
